#
# Start at "2022-W42-Oct18-1629-39-CEST"
#
# Version information:
# European Spallation Source ERIC : iocsh (4.0.0-PID-30568)
#
# --->--> snip -->--> 
# Please Use Version and other environment variables
# in order to report or debug this shell
#
# HOSTDISPLAY=""
# WINDOWID="39845891"
# PWD="/home/anderssandstrom/sources/tc_target_drive/epics"
# USER="anderssandstrom"
# LOGNAME="anderssandstrom"
# EPICS_HOST_ARCH="linux-x86_64"
# EPICS_BASE="/epics/base-7.0.6.1"
# E3_REQUIRE_NAME="require"
# E3_REQUIRE_VERSION="4.0.0"
# E3_REQUIRE_LOCATION="/epics/base-7.0.6.1/require/4.0.0"
# E3_REQUIRE_BIN="/epics/base-7.0.6.1/require/4.0.0/bin"
# E3_REQUIRE_DB="/epics/base-7.0.6.1/require/4.0.0/db"
# E3_REQUIRE_DBD="/epics/base-7.0.6.1/require/4.0.0/dbd"
# E3_REQUIRE_INC="/epics/base-7.0.6.1/require/4.0.0/include"
# E3_REQUIRE_LIB="/epics/base-7.0.6.1/require/4.0.0/lib"
# EPICS_DRIVER_PATH="/epics/base-7.0.6.1/require/4.0.0/siteMods"
# EPICS_CA_AUTO_ADDR_LIST=""
# EPICS_CA_ADDR_LIST=""
# EPICS_PVA_AUTO_ADDR_LIST=""
# EPICS_PVA_ADDR_LIST=""
# PATH="/epics/base-7.0.6.1/require/4.0.0/bin:/epics/base-7.0.6.1/bin/linux-x86_64:/opt/conda/condabin:/usr/local/bin:/usr/local/sbin:/usr/bin:/usr/sbin:/bin:/sbin:/home/anderssandstrom/.local/bin:/home/anderssandstrom/bin"
# --->--> snip -->--> 
#
# Set REQUIRE_IOC for its internal PVs
epicsEnvSet REQUIRE_IOC "REQMOD:mcag-tgt-drv-io-30568"
#
# Enable an exit subroutine for sotfioc
dbLoadRecords "/epics/base-7.0.6.1/db/softIocExit.db" "IOC=REQMOD:mcag-tgt-drv-io-30568"
#
# Set E3_IOCSH_TOP for the absolute path where iocsh is executed.
epicsEnvSet E3_IOCSH_TOP "/home/anderssandstrom/sources/tc_target_drive/epics"
#
# 
# Load require module, which has the version 4.0.0
# 
dlload /epics/base-7.0.6.1/require/4.0.0/lib/linux-x86_64/librequire.so
dbLoadDatabase /epics/base-7.0.6.1/require/4.0.0/dbd/require.dbd
require_registerRecordDeviceDriver
Loading module info records for require
# 
# Set E3_CMD_TOP for the absolute path where startTargetNew.cmd exists
epicsEnvSet E3_CMD_TOP "/home/anderssandstrom/sources/tc_target_drive/epics"
#
iocshLoad 'startTargetNew.cmd',''
#require ads,2.0.2
require ads,master
Module ads version master found in /home/anderssandstrom/sources/e3-ads/cellMods//base-7.0.6.1/require-4.0.0/ads/master/
Module ads depends on asyn 4.42.0+0
Module asyn version 4.42.0+0 found in /epics/base-7.0.6.1/require/4.0.0/siteMods/asyn/4.42.0+0/
Loading library /epics/base-7.0.6.1/require/4.0.0/siteMods/asyn/4.42.0+0/lib/linux-x86_64/libasyn.so
Loaded asyn version 4.42.0+0
Loading dbd file /epics/base-7.0.6.1/require/4.0.0/siteMods/asyn/4.42.0+0/dbd/asyn.dbd
Calling function asyn_registerRecordDeviceDriver
Loading module info records for asyn
Module ads depends on beckhoffads 1.0.0+0
Module beckhoffads version 1.0.0+0 found in /epics/base-7.0.6.1/require/4.0.0/siteMods/beckhoffads/1.0.0+0/
Loading library /epics/base-7.0.6.1/require/4.0.0/siteMods/beckhoffads/1.0.0+0/lib/linux-x86_64/libbeckhoffads.so
Loaded beckhoffads version 1.0.0+0
beckhoffads has no dbd file
Loading module info records for beckhoffads
Loading library /home/anderssandstrom/sources/e3-ads/cellMods//base-7.0.6.1/require-4.0.0/ads/master/lib/linux-x86_64/libads.so
Loaded ads version master
Loading dbd file /home/anderssandstrom/sources/e3-ads/cellMods//base-7.0.6.1/require-4.0.0/ads/master/dbd/ads.dbd
Calling function ads_registerRecordDeviceDriver
Loading module info records for ads
##############################################################################
############# Configure ads device driver:
# 1.  Asyn port name                         :  "TARGET_ADS"
# 2.  IP                                     :  "172.30.2.35"
# 3.  AMS of plc                             :  "172.30.2.35.1.1"
# 4.  Default ams port                       :  851 for plc 1, 852 plc 2 ...
# 5.  Parameter table size (max parameters)  :  1000
# 6.  priority                               :  0
# 7.  disable auto connnect                  :  0 (autoconnect enabled)
# 8.  default sample time ms                 :  500
# 9.  max delay time ms (buffer time in plc) :  1000
# 10. ADS command timeout in ms             :  1000  
# 11. default time source (PLC=0,EPICS=1)   :  0 (PLC) NOTE: record TSE field need to be set to -2 for timestamp in asyn ("field(TSE, -2)")
epicsEnvSet("ADS_ASYN_PORT",      "TARGET_ADS_PORT")
epicsEnvSet("PREFIX",             "TARGET_DU:")
epicsEnvSet("EC_MASTER_ID",       "0")
epicsEnvSet("ADSPORT_DEF",        "852")
epicsEnvSet("SAMPLE_RATE_MS_DEF", "500");
epicsEnvSet("MAX_DLY_MS_DEF",     "100");
#adsSetLocalAddress "172.30.2.35.1.1"
adsAsynPortDriverConfigure("TARGET_ADS_PORT","172.30.12.18","172.30.12.18.1.1",852,1000,0,0,500,100,1000,0)
2022-10-18T16:29:40+0200 Info: Connected to 172.30.12.18
Record "TARGET_DU:Rotation-VelStableAct" does not have a field "PREC"
Error at or before ')' in file "./db/rotationHwStatus.db" line 248
dbLoadRecords: failed to load './db/rotationHwStatus.db'
#adsSetLocalAddress "172.30.2.52.1.1"
asynOctetSetOutputEos("TARGET_ADS_PORT", -1, "\n")
asynOctetSetInputEos("TARGET_ADS_PORT", -1, "\n")
asynSetTraceMask("TARGET_ADS_PORT", -1, 0x41)
##############################################################################
############# Load records
## Rotation
dbLoadRecords("./db/rotationHwStatus.db","P=TARGET_DU:,PORT=TARGET_ADS_PORT,DEV_NAME=Rotation,STRUCT_STAT=stHwStatusRot,STRUCT_CMD=stHwControlRot")
dbLoadRecords("./db/rotationStatus.db","P=TARGET_DU:,PORT=TARGET_ADS_PORT,DEV_NAME=Rotation")
dbLoadRecords("./db/indraDriveStatus.db","P=TARGET_DU:,PORT=TARGET_ADS_PORT")
dbLoadRecords("./db/indraDriveCommand.db","P=TARGET_DU:,PORT=TARGET_ADS_PORT")
#dbLoadRecords("./db/brake.db","P=${PREFIX},PORT=${ADS_ASYN_PORT}")
dbLoadRecords("./db/rotationHome.db","P=TARGET_DU:,PORT=TARGET_ADS_PORT")
## general Stuff, Fuses and so
dbLoadRecords("./db/general.db","P=TARGET_DU:,PORT=TARGET_ADS_PORT,DEV_NAME=DEV")
## Stepper X
dbLoadRecords("./db/xyz.db","P=TARGET_DU:,PORT=TARGET_ADS_PORT,DEV_NAME=X,STRUCT_STAT=stHwStatusX, STRUCT_CMD=stHwControlX, AXIS_NO=1")
dbLoadRecords("./db/tcMotionAxis.db","P=TARGET_DU:,PORT=TARGET_ADS_PORT,DEV_NAME=X,AXIS_INDEX=1")
dbLoadRecords("./db/xyz_resolver.db","P=TARGET_DU:,PORT=TARGET_ADS_PORT,DEV_NAME=X,SLAVE_ID=10")
## Stepper Y
dbLoadRecords("./db/xyz.db","P=TARGET_DU:,PORT=TARGET_ADS_PORT,DEV_NAME=Y,STRUCT_STAT=stHwStatusY, STRUCT_CMD=stHwControlY, AXIS_NO=2")
dbLoadRecords("./db/tcMotionAxis.db","P=TARGET_DU:,PORT=TARGET_ADS_PORT,DEV_NAME=Y,AXIS_INDEX=2")
dbLoadRecords("./db/xyz_resolver.db","P=TARGET_DU:,PORT=TARGET_ADS_PORT,DEV_NAME=Y,SLAVE_ID=11")
## Stepper Z
dbLoadRecords("./db/xyz.db","P=TARGET_DU:,PORT=TARGET_ADS_PORT,DEV_NAME=Z,STRUCT_STAT=stHwStatusZ, STRUCT_CMD=stHwControlZ, AXIS_NO=3")
dbLoadRecords("./db/tcMotionAxis.db","P=TARGET_DU:,PORT=TARGET_ADS_PORT,DEV_NAME=Z,AXIS_INDEX=3")
dbLoadRecords("./db/xyz_resolver.db","P=TARGET_DU:,PORT=TARGET_ADS_PORT,DEV_NAME=Z,SLAVE_ID=12")
# Load hardware
epicsEnvSet("EC_SLAVE_NUM",    "2")
epicsEnvSet("EC_HWTYPE",       "EL1809")
dbLoadTemplate("./db/EL1809.substitutions","P=TARGET_DU:,PORT=TARGET_ADS_PORT,ADDR=0,TIMEOUT=1,ADSPORT=852,MASTER_ID=0,SLAVE_POS=2,HWTYPE=EL1809,T_SMP_MS=500,TSE=0")
epicsEnvSet("EC_SLAVE_NUM",    "3")
epicsEnvSet("EC_HWTYPE",       "EL1809")
dbLoadTemplate("./db/EL1809.substitutions","P=TARGET_DU:,PORT=TARGET_ADS_PORT,ADDR=0,TIMEOUT=1,ADSPORT=852,MASTER_ID=0,SLAVE_POS=3,HWTYPE=EL1809,T_SMP_MS=500,TSE=0")
epicsEnvSet("EC_SLAVE_NUM",    "4")
epicsEnvSet("EC_HWTYPE",       "EL2819")
dbLoadTemplate("./db/EL2819.substitutions","P=TARGET_DU:,PORT=TARGET_ADS_PORT,ADDR=0,TIMEOUT=1,ADSPORT=852,MASTER_ID=0,SLAVE_POS=4,HWTYPE=EL2819,T_SMP_MS=500,TSE=0")
epicsEnvSet("EC_SLAVE_NUM",    "5")
epicsEnvSet("EC_HWTYPE",       "EL2819")
dbLoadTemplate("./db/EL2819.substitutions","P=TARGET_DU:,PORT=TARGET_ADS_PORT,ADDR=0,TIMEOUT=1,ADSPORT=852,MASTER_ID=0,SLAVE_POS=5,HWTYPE=EL2819,T_SMP_MS=500,TSE=0")
epicsEnvSet("EC_SLAVE_NUM",    "6")
epicsEnvSet("EC_HWTYPE",       "EL9505")
dbLoadTemplate("./db/EL9505.substitutions","P=TARGET_DU:,PORT=TARGET_ADS_PORT,ADDR=0,TIMEOUT=1,ADSPORT=852,MASTER_ID=0,SLAVE_POS=6,HWTYPE=EL9505,T_SMP_MS=500,TSE=0")
epicsEnvSet("EC_SLAVE_NUM",    "7")
epicsEnvSet("EC_HWTYPE",       "EL1252")
dbLoadTemplate("./db/EL1252.substitutions","P=TARGET_DU:,PORT=TARGET_ADS_PORT,ADDR=0,TIMEOUT=1,ADSPORT=852,MASTER_ID=0,SLAVE_POS=7,HWTYPE=EL1252,T_SMP_MS=500,TSE=0")
epicsEnvSet("EC_SLAVE_NUM",    "8")
epicsEnvSet("EC_HWTYPE",       "EL9410")
dbLoadTemplate("./db/EL9410.substitutions","P=TARGET_DU:,PORT=TARGET_ADS_PORT,ADDR=0,TIMEOUT=1,ADSPORT=852,MASTER_ID=0,SLAVE_POS=8,HWTYPE=EL9410,T_SMP_MS=500,TSE=0")
epicsEnvSet("EC_SLAVE_NUM",    "9")
epicsEnvSet("EC_HWTYPE",       "EL1252")
dbLoadTemplate("./db/EL1252.substitutions","P=TARGET_DU:,PORT=TARGET_ADS_PORT,ADDR=0,TIMEOUT=1,ADSPORT=852,MASTER_ID=0,SLAVE_POS=9,HWTYPE=EL1252,T_SMP_MS=500,TSE=0")
epicsEnvSet("EC_SLAVE_NUM",    "10")
epicsEnvSet("EC_HWTYPE",       "EL7201")
dbLoadTemplate("./db/EL7201.substitutions","P=TARGET_DU:,PORT=TARGET_Starting iocInit
2022/10/18 16:29:40.045 adsAsynPortDriver:drvUserCreate: Parameter created: "ADSPORT=852/Main.stHwControlRot.bEnable=" (index 1).
2022/10/18 16:29:40.051 adsAsynPortDriver:drvUserCreate: Parameter created: "ADSPORT=852/Main.stHwControlRot.bExecute?" (index 2).
2022/10/18 16:29:40.059 adsAsynPortDriver:drvUserCreate: Parameter created: "ADSPORT=852/Main.stHwControlRot.bReset?" (index 3).
2022/10/18 16:29:40.070 adsAsynPortDriver:drvUserCreate: Parameter created: "ADSPORT=852/Main.stHwControlRot.bAllowMotionGUI?" (index 4).
2022/10/18 16:29:40.081 adsAsynPortDriver:drvUserCreate: Parameter created: "ADSPORT=852/Main.stCommands.bEnableAxis?" (index 5).
2022/10/18 16:29:40.088 adsAsynPortDriver:drvUserCreate: Parameter created: "ADSPORT=852/Main.stCommands.bHaltAxis?" (index 6).
2022/10/18 16:29:40.099 adsAsynPortDriver:drvUserCreate: Parameter created: "ADSPORT=852/Main.stCommands.bCommandPositionChange?" (index 7).
2022/10/18 16:29:40.107 adsAsynPortDriver:drvUserCreate: Parameter created: "ADSPORT=852/Main.stCommands.bPositionCommandValue?" (index 8).
2022/10/18 16:29:40.116 adsAsynPortDriver:drvUserCreate: Parameter created: "ADSPORT=852/Main.stCommands.bCommandValueAccept?" (index 9).
2022/10/18 16:29:40.128 adsAsynPortDriver:drvUserCreate: Parameter created: "ADSPORT=852/Main.stCommands.bCmd_ErrorReset?" (index 10).
2022/10/18 16:29:40.138 adsAsynPortDriver:drvUserCreate: Parameter created: "ADSPORT=852/Main.stCommands.bCmd_SetAbsolutePosition?" (index 11).
2022/10/18 16:29:40.147 adsAsynPortDriver:drvUserCreate: Parameter created: "ADSPORT=852/Main.stCommands.bCmd_DriveControlledHoming?" (index 12).
2022/10/18 16:29:40.155 adsAsynPortDriver:drvUserCreate: Parameter created: "ADSPORT=852/Main.stCommands.bCmd_DisableLimits?" (index 13).
2022/10/18 16:29:40.165 adsAsynPortDriver:drvUserCreate: Parameter created: "ADSPORT=852/Main.stCommands.bCmd_ActivateParameterMode?" (index 14).
2022/10/18 16:29:40.174 adsAsynPortDriver:drvUserCreate: Parameter created: "ADSPORT=852/Main.stCommands.bCmd_ExitParameterMode?" (index 15).
2022/10/18 16:29:40.185 adsAsynPortDriver:drvUserCreate: Parameter created: "ADSPORT=852/Main.stCommands.bCmd_RunVirtualMater?" (index 16).
2022/10/18 16:29:40.196 adsAsynPortDriver:drvUserCreate: Parameter created: "ADSPORT=852/Main.stHwControlX.bBrakeReleaseCmd?" (index 17).
2022/10/18 16:29:40.207 adsAsynPortDriver:drvUserCreate: Parameter created: "ADSPORT=852/Main.stHwControlX.bAllowMotionGUI?" (index 18).
2022/10/18 16:29:40.217 adsAsynPortDriver:drvUserCreate: Parameter created: "ADSPORT=852/Main.stHwControlX.bExecuteAbsPos?" (index 19).
2022/10/18 16:29:40.228 adsAsynPortDriver:drvUserCreate: Parameter created: "ADSPORT=852/Main.stHwControlX.bExecuteConstVelo?" (index 20).
2022/10/18 16:29:40.238 adsAsynPortDriver:drvUserCreate: Parameter created: "ADSPORT=852/Main.stHwControlX.bExecuteHome?" (index 21).
2022/10/18 16:29:40.249 adsAsynPortDriver:drvUserCreate: Parameter created: "ADSPORT=852/Main.stHwControlX.bExecuteStop?" (index 22).
2022/10/18 16:29:40.258 adsAsynPortDriver:drvUserCreate: Parameter created: "ADSPORT=852/Main.stHwControlX.bExecuteReset?" (index 23).
2022/10/18 16:29:40.267 adsAsynPortDriver:drvUserCreate: Parameter created: "ADSPORT=852/Main.stHwControlX.bEnable?" (index 24).
2022/10/18 16:29:40.276 adsAsynPortDriver:drvUserCreate: Parameter created: "ADSPORT=852/Main.stHwControlX.bJogDirFwd?" (index 25).
2022/10/18 16:29:40.286 adsAsynPortDriver:drvUserCreate: Parameter created: "ADSPORT=852/Main.stHwControlY.bBrakeReleaseCmd?" (index 26).
2022/10/18 16:29:40.295 adsAsynPortDriver:drvUserCreate: Parameter created: "ADSPORT=852/Main.stHwControlY.bAllowMotionGUI?" (index 27).
2022/10/18 16:29:40.304 adsAsynPortDriver:drvUserCreate: Parameter created: "ADSPORT=852/Main.stHwControlY.bExecuteAbsPos?" (index 28).
2022/10/18 16:29:40.315 adsAsynPortDriver:drvUserCreate: Parameter created: "ADSPORT=852/Main.stHwControlY.bExecuteConstVelo?" (index 29).
2022/10/18 16:29:40.323 adsAsynPortDriver:drvUserCreate: Parameter created: "ADSPORT=852/Main.stHwControlY.bExecuteHome?" (index 30).
2022/10/18 16:29:40.333 adsAsynPortDriver:drvUserCreate: Parameter created: "ADSPORT=852/Main.stHwControlY.bExecuteStop?" (index 31).
2022/10/18 16:29:40.343 adsAsynPortDriver:drvUserCreate: Parameter created: "ADSPORT=852/Main.stHwControlY.bExecuteReset?" (index 32).
2022/10/18 16:29:40.352 adsAsynPortDriver:drvUserCreate: Parameter created: "ADSPORT=852/Main.stHwControlY.bEnable?" (index 33).
2022/10/18 16:29:40.363 adsAsynPortDriver:drvUserCreate: Parameter created: "ADSPORT=852/Main.stHwControlY.bJogDirFwd?" (index 34).
2022/10/18 16:29:40.371 adsAsynPortDriver:drvUserCreate: Parameter created: "ADSPORT=852/Main.stHwControlZ.bBrakeReleaseCmd?" (index 35).
2022/10/18 16:29:40.382 adsAsynPortDriver:drvUserCreate: Parameter created: "ADSPORT=852/Main.stHwControlZ.bAllowMotionGUI?" (index 36).
2022/10/18 16:29:40.391 adsAsynPortDriver:drvUserCreate: Parameter created: "ADSPORT=852/Main.stHwControlZ.bExecuteAbsPos?" (index 37).
2022/10/18 16:29:40.401 adsAsynPortDriver:drvUserCreate: Parameter created: "ADSPORT=852/Main.stHwControlZ.bExecuteConstVelo?" (index 38).
2022/10/18 16:29:40.411 adsAsynPortDriver:drvUserCreate: Parameter created: "ADSPORT=852/Main.stHwControlZ.bExecuteHome?" (index 39).
2022/10/18 16:29:40.421 adsAsynPortDriver:drvUserCreate: Parameter created: "ADSPORT=852/Main.stHwControlZ.bExecuteStop?" (index 40).
2022/10/18 16:29:40.430 adsAsynPortDriver:drvUserCreate: Parameter created: "ADSPORT=852/Main.stHwControlZ.bExecuteReset?" (index 41).
2022/10/18 16:29:40.441 adsAsynPortDriver:drvUserCreate: Parameter created: "ADSPORT=852/Main.stHwControlZ.bEnable?" (index 42).
2022/10/18 16:29:40.450 adsAsynPortDriver:drvUserCreate: Parameter created: "ADSPORT=852/Main.stHwControlZ.bJogDirFwd?" (index 43).
2022/10/18 16:29:40.459 adsAsynPortDriver:drvUserCreate: Parameter created: "ADSPORT=852/Main.stHwStatusRot.eTargetState?" (index 44).
2022/10/18 16:29:40.468 adsAsynPortDriver:drvUserCreate: Parameter created: "ADSPORT=852/Main.fbModeHome.eHomeState?" (index 45).
2022/10/18 16:29:40.477 adsAsynPortDriver:drvUserCreate: Parameter created: "ADSPORT=852/Main.stHwControlRot.eTargetStateCmd?" (index 46).
2022/10/18 16:29:40.487 adsAsynPortDriver:drvUserCreate: Parameter created: "ADSPORT=852/Main.stHwControlRot.ePhaseCntrlAlg?" (index 47).
2022/10/18 16:29:40.496 adsAsynPortDriver:drvUserCreate: Parameter created: "ADSPORT=852/Main.stHwControlRot.ePhasePwmType?" (index 48).
2022/10/18 16:29:40.507 adsAsynPortDriver:drvUserCreate: Parameter created: "ADSPORT=852/GVL_Parameters.nMaxMotorTemperature?" (index 49).
2022/10/18 16:29:40.517 adsAsynPortDriver:drvUserCreate: Parameter created: "ADSPORT=852/Main.stHwControlRot.fPhaseOffsetMM?" (index 50).
2022/10/18 16:29:40.527 adsAsynPortDriver:drvUserCreate: Parameter created: "ADSPORT=852/Main.stHwControlRot.fVelSet?" (index 51).
2022/10/18 16:29:40.537 adsAsynPortDriver:drvUserCreate: Parameter created: "ADSPORT=852/Main.stHwControlRot.fPosSet?" (index 52).
2022/10/18 16:29:40.547 adsAsynPortDriver:drvUserCreate: Parameter created: "ADSPORT=852/Main.stCommands.eOperationMode?" (index 53).
2022/10/18 16:29:40.557 adsAsynPortDriver:drvUserCreate: Parameter created: "ADSPORT=852/Main.stCommands.fCommandPosition?" (index 54).
2022/10/18 16:29:40.568 adsAsynPortDriver:drvUserCreate: Parameter created: "ADSPORT=852/Main.stCommands.fCommandVelocity?" (index 55).
2022/10/18 16:29:40.577 adsAsynPortDriver:drvUserCreate: Parameter created: "ADSPORT=852/Main.stCommands.fCommandAcceleration?" (index 56).
2022/10/18 16:29:40.588 adsAsynPortDriver:drvUserCreate: Parameter created: "ADSPORT=852/Main.stCommands.fCommandDeceleration?" (index 57).
2022/10/18 16:29:40.597 adsAsynPortDriver:drvUserCreate: Parameter created: "ADSPORT=852/Main.stCommands.fFeedrateOverride?" (index 58).
2022/10/18 16:29:40.604 adsAsynPortDriver:drvUserCreate: Parameter created: "ADSPORT=852/Main.stCommands.fTorqueLimit?" (index 59).
2022/10/18 16:29:40.613 adsAsynPortDriver:drvUserCreate: Parameter created: "ADSPORT=852/Main.stCommands.fVelocityCommandValue?" (index 60).
2022/10/18 16:29:40.622 adsAsynPortDriver:drvUserCreate: Parameter created: "ADSPORT=852/GVL.astAxes[1].stControl.fPosition?" (index 61).
2022/10/18 16:29:40.631 adsAsynPortDriver:drvUserCreate: Parameter created: "ADSPORT=852/GVL.astAxes[2].stControl.fPosition?" (index 62).
2022/10/18 16:29:40.643 adsAsynPortDriver:drvUserCreate: Parameter created: "ADSPORT=852/GVL.astAxes[3].stControl.fPosition?" (index 63).
2022/10/18 16:29:40.653 adsAsynPortDriver:drvUserCreate: Parameter created: "ADSPORT=852/Main.stHwStatusRot.sErrorStr?" (index 64).
2022/10/18 16:29:40.663 adsAsynPortDriver:drvUserCreate: Parameter created: "ADSPORT=852/Main.fbModeHome.fRefMarkPosArray?" (index 65).
2022/10/18 16:29:40.671 adsAsynPortDriver:drvUserCreate: Parameter created: "TIMEBASE=PLC/T_DLY_MS=500/TS_MS=10/ADSPORT=852/Main.fb_s2_EL1809.sErrorMessage?" (index 66).
2022/10/18 16:29:40.679 adsAsynPortDriver:drvUserCreate: Parameter created: "TIMEBASE=PLC/T_DLY_MS=500/TS_MS=10/ADSPORT=852/Main.fb_s3_EL1809.sErrorMessage?" (index 67).
2022/10/18 16:29:40.687 adsAsynPortDriver:drvUserCreate: Parameter created: "TIMEBASE=PLC/T_DLY_MS=500/TS_MS=10/ADSPORT=852/Main.fb_s4_EL2819.sErrorMessage?" (index 68).
2022/10/18 16:29:40.693 adsAsynPortDriver:drvUserCreate: Parameter created: "TIMEBASE=PLC/T_DLY_MS=500/TS_MS=10/ADSPORT=852/Main.fb_s5_EL2819.sErrorMessage?" (index 69).
2022/10/18 16:29:40.701 adsAsynPortDriver:drvUserCreate: Parameter created: "TIMEBASE=PLC/T_DLY_MS=500/TS_MS=10/ADSPORT=852/Main.fb_s6_EL9505.sErrorMessage?" (index 70).
2022/10/18 16:29:40.709 adsAsynPortDriver:drvUserCreate: Parameter created: "TIMEBASE=PLC/T_DLY_MS=500/TS_MS=10/ADSPORT=852/Main.fb_s7_EL1252.sErrorMessage?" (index 71).
2022/10/18 16:29:40.717 adsAsynPortDriver:drvUserCreate: Parameter created: "TIMEBASE=PLC/T_DLY_MS=500/TS_MS=10/ADSPORT=852/Main.fb_s8_EL9410.sErrorMessage?" (index 72).
2022/10/18 16:29:40.725 adsAsynPortDriver:drvUserCreate: Parameter created: "TIMEBASE=PLC/T_DLY_MS=500/TS_MS=10/ADSPORT=852/Main.fb_s9_EL1252.sErrorMessage?" (index 73).
2022/10/18 16:29:40.733 adsAsynPortDriver:drvUserCreate: Parameter created: "TIMEBASE=PLC/T_DLY_MS=500/TS_MS=10/ADSPORT=852/Main.fb_s10_EL7201.sErrorMessage?" (index 74).
2022/10/18 16:29:40.743 adsAsynPortDriver:drvUserCreate: Parameter created: "TIMEBASE=PLC/T_DLY_MS=500/TS_MS=10/ADSPORT=852/Main.fb_s11_EL7201.sErrorMessage?" (index 75).
2022/10/18 16:29:40.752 adsAsynPortDriver:drvUserCreate: Parameter created: "TIMEBASE=PLC/T_DLY_MS=500/TS_MS=10/ADSPORT=852/Main.fb_s12_EL7201.sErrorMessage?" (index 76).
2022/10/18 16:29:40.759 adsAsynPortDriver:drvUserCreate: Parameter created: "TIMEBASE=PLC/T_DLY_MS=500/TS_MS=10/ADSPORT=852/Main.fb_s13_EL3214.sErrorMessage?" (index 77).
2022/10/18 16:29:40.767 adsAsynPortDriver:drvUserCreate: Parameter created: "TIMEBASE=PLC/T_DLY_MS=500/TS_MS=10/ADSPORT=852/Main.fb_s14_EL5021.sErrorMessage?" (index 78).
2022/10/18 16:29:40.775 adsAsynPortDriver:drvUserCreate: Parameter created: "TIMEBASE=PLC/T_DLY_MS=500/TS_MS=10/ADSPORT=852/Main.fb_s15_EL6695.sErrorMessage?" (index 79).
2022/10/18 16:29:40.783 adsAsynPortDriver:drvUserCreate: Parameter created: "TIMEBASE=PLC/T_DLY_MS=500/TS_MS=10/ADSPORT=852/Main.fb_s16_EL9410.sErrorMessage?" (index 80).
2022/10/18 16:29:40.791 adsAsynPortDriver:drvUserCreate: Parameter created: "TIMEBASE=PLC/T_DLY_MS=500/TS_MS=10/ADSPORT=852/Main.fb_s17_EL2032.sErrorMessage?" (index 81).
2022/10/18 16:29:40.801 adsAsynPortDriver:drvUserCreate: Parameter created: "TIMEBASE=PLC/T_DLY_MS=500/TS_MS=10/ADSPORT=852/Main.fb_s18_EK1110.sErrorMessage?" (index 82).
2022/10/18 16:29:40.810 adsAsynPortDriver:drvUserCreate: Parameter created: "TIMEBASE=PLC/T_DLY_MS=500/TS_MS=10/ADSPORT=852/Main.fb_s19_indraDrive.sErrorMessage?" (index 83).
2022/10/18 16:29:40.817 adsAsynPortDriver:drvUserCreate: Parameter created: "TIMEBASE=PLC/T_DLY_MS=500/TS_MS=10/ADSPORT=852/Main.fb_s20_IPOS8020.sErrorMessage?" (index 84).
2022/10/18 16:29:40.825 adsAsynPortDriver:drvUserCreate: Parameter created: "TIMEBASE=PLC/T_DLY_MS=500/TS_MS=10/ADSPORT=852/Main.fb_s21_IPOS8020.sErrorMessage?" (index 85).
2022/10/18 16:29:40.833 adsAsynPortDriver:drvUserCreate: Parameter created: "TIMEBASE=PLC/T_DLY_MS=500/TS_MS=10/ADSPORT=852/Main.fb_s22_IPOS8020.sErrorMessage?" (index 86).
2022/10/18 16:29:40.843 adsAsynPortDriver:drvUserCreate: Parameter created: "TIMEBASE=PLC/T_DLY_MS=500/TS_MS=10/ADSPORT=852/Main.fb_s2_EL1809.InfoData_State?" (index 87).
2022/10/18 16:29:40.853 adsAsynPortDriver:drvUserCreate: Parameter created: "TIMEBASE=PLC/T_DLY_MS=500/TS_MS=10/ADSPORT=852/Main.fb_s2_EL1809.iTerminal_ID?" (index 88).
2022/10/18 16:29:40.863 adsAsynPortDriver:drvUserCreate: Parameter created: "TIMEBASE=PLC/T_DLY_MS=500/TS_MS=10/ADSPORT=852/Main.fb_s3_EL1809.InfoData_State?" (index 89).
2022/10/18 16:29:40.873 adsAsynPortDriver:drvUserCreate: Parameter created: "TIMEBASE=PLC/T_DLY_MS=500/TS_MS=10/ADSPORT=852/Main.fb_s3_EL1809.iTerminal_ID?" (index 90).
2022/10/18 16:29:40.883 adsAsynPortDriver:drvUserCreate: Parameter created: "TIMEBASE=PLC/T_DLY_MS=500/TS_MS=10/ADSPORT=852/Main.fb_s4_EL2819.InfoData_State?" (index 91).
2022/10/18 16:29:40.893 adsAsynPortDriver:drvUserCreate: Parameter created: "TIMEBASE=PLC/T_DLY_MS=500/TS_MS=10/ADSPORT=852/Main.fb_s4_EL2819.iTerminal_ID?" (index 92).
2022/10/18 16:29:40.905 adsAsynPortDriver:drvUserCreate: Parameter created: "TIMEBASE=PLC/T_DLY_MS=500/TS_MS=10/ADSPORT=852/Main.fb_s4_EL2819.wCH1_Diag?" (index 93).
2022/10/18 16:29:40.917 adsAsynPortDriver:drvUserCreate: Parameter created: "TIMEBASE=PLC/T_DLY_MS=500/TS_MS=10/ADSPORT=852/Main.fb_s4_EL2819.wCH2_Diag?" (index 94).
2022/10/18 16:29:40.929 adsAsynPortDriver:drvUserCreate: Parameter created: "TIMEBASE=PLC/T_DLY_MS=500/TS_MS=10/ADSPORT=852/Main.fb_s4_EL2819.wCH3_Diag?" (index 95).
2022/10/18 16:29:40.940 adsAsynPortDriver:drvUserCreate: Parameter created: "TIMEBASE=PLC/T_DLY_MS=500/TS_MS=10/ADSPORT=852/Main.fb_s4_EL2819.wCH4_Diag?" (index 96).
2022/10/18 16:29:40.951 adsAsynPortDriver:drvUserCreate: Parameter created: "TIMEBASE=PLC/T_DLY_MS=500/TS_MS=10/ADSPORT=852/Main.fb_s4_EL2819.wCH5_Diag?" (index 97).
2022/10/18 16:29:40.961 adsAsynPortDriver:drvUserCreate: Parameter created: "TIMEBASE=PLC/T_DLY_MS=500/TS_MS=10/ADSPORT=852/Main.fb_s4_EL2819.wCH6_Diag?" (index 98).
2022/10/18 16:29:40.971 adsAsynPortDriver:drvUserCreate: Parameter created: "TIMEBASE=PLC/T_DLY_MS=500/TS_MS=10/ADSPORT=852/Main.fb_s4_EL2819.wCH7_Diag?" (index 99).
2022/10/18 16:29:40.981 adsAsynPortDriver:drvUserCreate: Parameter created: "TIMEBASE=PLC/T_DLY_MS=500/TS_MS=10/ADSPORT=852/Main.fb_s4_EL2819.wCH8_Diag?" (index 100).
2022/10/18 16:29:40.991 adsAsynPortDriver:drvUserCreate: Parameter created: "TIMEBASE=PLC/T_DLY_MS=500/TS_MS=10/ADSPORT=852/Main.fb_s4_EL2819.wCH9_Diag?" (index 101).
2022/10/18 16:29:41.003 adsAsynPortDriver:drvUserCreate: Parameter created: "TIMEBASE=PLC/T_DLY_MS=500/TS_MS=10/ADSPORT=852/Main.fb_s4_EL2819.wCH10_Diag?" (index 102).
2022/10/18 16:29:41.013 adsAsynPortDriver:drvUserCreate: Parameter created: "TIMEBASE=PLC/T_DLY_MS=500/TS_MS=10/ADSPORT=852/Main.fb_s4_EL2819.wCH11_Diag?" (index 103).
2022/10/18 16:29:41.023 adsAsynPortDriver:drvUserCreate: Parameter created: "TIMEBASE=PLC/T_DLY_MS=500/TS_MS=10/ADSPORT=852/Main.fb_s4_EL2819.wCH12_Diag?" (index 104).
2022/10/18 16:29:41.034 adsAsynPortDriver:drvUserCreate: Parameter created: "TIMEBASE=PLC/T_DLY_MS=500/TS_MS=10/ADSPORT=852/Main.fb_s4_EL2819.wCH13_Diag?" (index 105).
2022/10/18 16:29:41.045 adsAsynPortDriver:drvUserCreate: Parameter created: "TIMEBASE=PLC/T_DLY_MS=500/TS_MS=10/ADSPORT=852/Main.fb_s4_EL2819.wCH14_Diag?" (index 106).
2022/10/18 16:29:41.055 adsAsynPortDriver:drvUserCreate: Parameter created: "TIMEBASE=PLC/T_DLY_MS=500/TS_MS=10/ADSPORT=852/Main.fb_s4_EL2819.wCH15_Diag?" (index 107).
2022/10/18 16:29:41.066 adsAsynPortDriver:drvUserCreate: Parameter created: "TIMEBASE=PLC/T_DLY_MS=500/TS_MS=10/ADSPORT=852/Main.fb_s4_EL2819.wCH16_Diag?" (index 108).
2022/10/18 16:29:41.076 adsAsynPortDriver:drvUserCreate: Parameter created: "TIMEBASE=PLC/T_DLY_MS=500/TS_MS=10/ADSPORT=852/Main.fb_s5_EL2819.InfoData_State?" (index 109).
2022/10/18 16:29:41.087 adsAsynPortDriver:drvUserCreate: Parameter created: "TIMEBASE=PLC/T_DLY_MS=500/TS_MS=10/ADSPORT=852/Main.fb_s5_EL2819.iTerminal_ID?" (index 110).
2022/10/18 16:29:41.097 adsAsynPortDriver:drvUserCreate: Parameter created: "TIMEBASE=PLC/T_DLY_MS=500/TS_MS=10/ADSPORT=852/Main.fb_s5_EL2819.wCH1_Diag?" (index 111).
2022/10/18 16:29:41.109 adsAsynPortDriver:drvUserCreate: Parameter created: "TIMEBASE=PLC/T_DLY_MS=500/TS_MS=10/ADSPORT=852/Main.fb_s5_EL2819.wCH2_Diag?" (index 112).
2022/10/18 16:29:41.121 adsAsynPortDriver:drvUserCreate: Parameter created: "TIMEBASE=PLC/T_DLY_MS=500/TS_MS=10/ADSPORT=852/Main.fb_s5_EL2819.wCH3_Diag?" (index 113).
2022/10/18 16:29:41.131 adsAsynPortDriver:drvUserCreate: Parameter created: "TIMEBASE=PLC/T_DLY_MS=500/TS_MS=10/ADSPORT=852/Main.fb_s5_EL2819.wCH4_Diag?" (index 114).
2022/10/18 16:29:41.141 adsAsynPortDriver:drvUserCreate: Parameter created: "TIMEBASE=PLC/T_DLY_MS=500/TS_MS=10/ADSPORT=852/Main.fb_s5_EL2819.wCH5_Diag?" (index 115).
2022/10/18 16:29:41.153 adsAsynPortDriver:drvUserCreate: Parameter created: "TIMEBASE=PLC/T_DLY_MS=500/TS_MS=10/ADSPORT=852/Main.fb_s5_EL2819.wCH6_Diag?" (index 116).
2022/10/18 16:29:41.163 adsAsynPortDriver:drvUserCreate: Parameter created: "TIMEBASE=PLC/T_DLY_MS=500/TS_MS=10/ADSPORT=852/Main.fb_s5_EL2819.wCH7_Diag?" (index 117).
2022/10/18 16:29:41.175 adsAsynPortDriver:drvUserCreate: Parameter created: "TIMEBASE=PLC/T_DLY_MS=500/TS_MS=10/ADSPORT=852/Main.fb_s5_EL2819.wCH8_Diag?" (index 118).
2022/10/18 16:29:41.185 adsAsynPortDriver:drvUserCreate: Parameter created: "TIMEBASE=PLC/T_DLY_MS=500/TS_MS=10/ADSPORT=852/Main.fb_s5_EL2819.wCH9_Diag?" (index 119).
2022/10/18 16:29:41.195 adsAsynPortDriver:drvUserCreate: Parameter created: "TIMEBASE=PLC/T_DLY_MS=500/TS_MS=10/ADSPORT=852/Main.fb_s5_EL2819.wCH10_Diag?" (index 120).
2022/10/18 16:29:41.207 adsAsynPortDriver:drvUserCreate: Parameter created: "TIMEBASE=PLC/T_DLY_MS=500/TS_MS=10/ADSPORT=852/Main.fb_s5_EL2819.wCH11_Diag?" (index 121).
2022/10/18 16:29:41.217 adsAsynPortDriver:drvUserCreate: Parameter created: "TIMEBASE=PLC/T_DLY_MS=500/TS_MS=10/ADSPORT=852/Main.fb_s5_EL2819.wCH12_Diag?" (index 122).
2022/10/18 16:29:41.229 adsAsynPortDriver:drvUserCreate: Parameter created: "TIMEBASE=PLC/T_DLY_MS=500/TS_MS=10/ADSPORT=852/Main.fb_s5_EL2819.wCH13_Diag?" (index 123).
2022/10/18 16:29:41.241 adsAsynPortDriver:drvUserCreate: Parameter created: "TIMEBASE=PLC/T_DLY_MS=500/TS_MS=10/ADSPORT=852/Main.fb_s5_EL2819.wCH14_Diag?" (index 124).
2022/10/18 16:29:41.252 adsAsynPortDriver:drvUserCreate: Parameter created: "TIMEBASE=PLC/T_DLY_MS=500/TS_MS=10/ADSPORT=852/Main.fb_s5_EL2819.wCH15_Diag?" (index 125).
2022/10/18 16:29:41.263 adsAsynPortDriver:drvUserCreate: Parameter created: "TIMEBASE=PLC/T_DLY_MS=500/TS_MS=10/ADSPORT=852/Main.fb_s5_EL2819.wCH16_Diag?" (index 126).
2022/10/18 16:29:41.272 adsAsynPortDriver:drvUserCreate: Parameter created: "TIMEBASE=PLC/T_DLY_MS=500/TS_MS=10/ADSPORT=852/Main.fb_s6_EL9505.InfoData_State?" (index 127).
2022/10/18 16:29:41.281 adsAsynPortDriver:drvUserCreate: Parameter created: "TIMEBASE=PLC/T_DLY_MS=500/TS_MS=10/ADSPORT=852/Main.fb_s6_EL9505.iTerminal_ID?" (index 128).
2022/10/18 16:29:41.291 adsAsynPortDriver:drvUserCreate: Parameter created: "TIMEBASE=PLC/T_DLY_MS=500/TS_MS=10/ADSPORT=852/Main.fb_s7_EL1252.InfoData_State?" (index 129).
2022/10/18 16:29:41.301 adsAsynPortDriver:drvUserCreate: Parameter created: "TIMEBASE=PLC/T_DLY_MS=500/TS_MS=10/ADSPORT=852/Main.fb_s7_EL1252.iTerminal_ID?" (index 130).
2022/10/18 16:29:41.313 adsAsynPortDriver:drvUserCreate: Parameter created: "TIMEBASE=PLC/T_DLY_MS=500/TS_MS=10/ADSPORT=852/Main.fb_s8_EL9410.InfoData_State?" (index 131).
2022/10/18 16:29:41.325 adsAsynPortDriver:drvUserCreate: Parameter created: "TIMEBASE=PLC/T_DLY_MS=500/TS_MS=10/ADSPORT=852/Main.fb_s8_EL9410.iTerminal_ID?" (index 132).
2022/10/18 16:29:41.336 adsAsynPortDriver:drvUserCreate: Parameter created: "TIMEBASE=PLC/T_DLY_MS=500/TS_MS=10/ADSPORT=852/Main.fb_s9_EL1252.InfoData_State?" (index 133).
2022/10/18 16:29:41.347 adsAsynPortDriver:drvUserCreate: Parameter created: "TIMEBASE=PLC/T_DLY_MS=500/TS_MS=10/ADSPORT=852/Main.fb_s9_EL1252.iTerminal_ID?" (index 134).
2022/10/18 16:29:41.357 adsAsynPortDriver:drvUserCreate: Parameter created: "TIMEBASE=PLC/T_DLY_MS=500/TS_MS=10/ADSPORT=852/Main.fb_s10_EL7201.InfoData_State?" (index 135).
2022/10/18 16:29:41.368 adsAsynPortDriver:drvUserCreate: Parameter created: "TIMEBASE=PLC/T_DLY_MS=500/TS_MS=10/ADSPORT=852/Main.fb_s10_EL7201.iTerminal_ID?" (index 136).
2022/10/18 16:29:41.379 adsAsynPortDriver:drvUserCreate: Parameter created: "TIMEBASE=PLC/T_DLY_MS=500/TS_MS=10/ADSPORT=852/Main.fb_s11_EL7201.InfoData_State?" (index 137).
2022/10/18 16:29:41.389 adsAsynPortDriver:drvUserCreate: Parameter created: "TIMEBASE=PLC/T_DLY_MS=500/TS_MS=10/ADSPORT=852/Main.fb_s11_EL7201.iTerminal_ID?" (index 138).
2022/10/18 16:29:41.400 adsAsynPortDriver:drvUserCreate: Parameter created: "TIMEBASE=PLC/T_DLY_MS=500/TS_MS=10/ADSPORT=852/Main.fb_s12_EL7201.InfoData_State?" (index 139).
2022/10/18 16:29:41.410 adsAsynPortDriver:drvUserCreate: Parameter created: "TIMEBASE=PLC/T_DLY_MS=500/TS_MS=10/ADSPORT=852/Main.fb_s12_EL7201.iTerminal_ID?" (index 140).
2022/10/18 16:29:41.421 adsAsynPortDriver:drvUserCreate: Parameter created: "TIMEBASE=PLC/T_DLY_MS=500/TS_MS=10/ADSPORT=852/Main.fb_s13_EL3214.InfoData_State?" (index 141).
2022/10/18 16:29:41.431 adsAsynPortDriver:drvUserCreate: Parameter created: "TIMEBASE=PLC/T_DLY_MS=500/TS_MS=10/ADSPORT=852/Main.fb_s13_EL3214.iTerminal_ID?" (index 142).
2022/10/18 16:29:41.441 adsAsynPortDriver:drvUserCreate: Parameter created: "TIMEBASE=PLC/T_DLY_MS=500/TS_MS=10/ADSPORT=852/Main.fb_s13_EL3214.wCh1_Status?" (index 143).
2022/10/18 16:29:41.451 adsAsynPortDriver:drvUserCreate: Parameter created: "TIMEBASE=PLC/T_DLY_MS=500/TS_MS=10/ADSPORT=852/Main.fb_s13_EL3214.wCh2_Status?" (index 144).
2022/10/18 16:29:41.461 adsAsynPortDriver:drvUserCreate: Parameter created: "TIMEBASE=PLC/T_DLY_MS=500/TS_MS=10/ADSPORT=852/Main.fb_s13_EL3214.wCh3_Status?" (index 145).
2022/10/18 16:29:41.471 adsAsynPortDriver:drvUserCreate: Parameter created: "TIMEBASE=PLC/T_DLY_MS=500/TS_MS=10/ADSPORT=852/Main.fb_s13_EL3214.wCh4_Status?" (index 146).
2022/10/18 16:29:41.481 adsAsynPortDriver:drvUserCreate: Parameter created: "TIMEBASE=PLC/T_DLY_MS=500/TS_MS=10/ADSPORT=852/Main.fb_s14_EL5021.InfoData_State?" (index 147).
2022/10/18 16:29:41.493 adsAsynPortDriver:drvUserCreate: Parameter created: "TIMEBASE=PLC/T_DLY_MS=500/TS_MS=10/ADSPORT=852/Main.fb_s14_EL5021.iTerminal_ID?" (index 148).
2022/10/18 16:29:41.503 adsAsynPortDriver:drvUserCreate: Parameter created: "TIMEBASE=PLC/T_DLY_MS=500/TS_MS=10/ADSPORT=852/Main.fb_s15_EL6695.InfoData_State?" (index 149).
2022/10/18 16:29:41.513 adsAsynPortDriver:drvUserCreate: Parameter created: "TIMEBASE=PLC/T_DLY_MS=500/TS_MS=10/ADSPORT=852/Main.fb_s15_EL6695.iTerminal_ID?" (index 150).
2022/10/18 16:29:41.523 adsAsynPortDriver:drvUserCreate: Parameter created: "TIMEBASE=PLC/T_DLY_MS=500/TS_MS=10/ADSPORT=852/Main.fb_s16_EL9410.InfoData_State?" (index 151).
2022/10/18 16:29:41.534 adsAsynPortDriver:drvUserCreate: Parameter created: "TIMEBASE=PLC/T_DLY_MS=500/TS_MS=10/ADSPORT=852/Main.fb_s16_EL9410.iTerminal_ID?" (index 152).
2022/10/18 16:29:41.543 adsAsynPortDriver:drvUserCreate: Parameter created: "TIMEBASE=PLC/T_DLY_MS=500/TS_MS=10/ADSPORT=852/Main.fb_s17_EL2032.InfoData_State?" (index 153).
2022/10/18 16:29:41.555 adsAsynPortDriver:drvUserCreate: Parameter created: "TIMEBASE=PLC/T_DLY_MS=500/TS_MS=10/ADSPORT=852/Main.fb_s17_EL2032.iTerminal_ID?" (index 154).
2022/10/18 16:29:41.565 adsAsynPortDriver:drvUserCreate: Parameter created: "TIMEBASE=PLC/T_DLY_MS=500/TS_MS=10/ADSPORT=852/Main.fb_s18_EK1110.InfoData_State?" (index 155).
2022/10/18 16:29:41.575 adsAsynPortDriver:drvUserCreate: Parameter created: "TIMEBASE=PLC/T_DLY_MS=500/TS_MS=10/ADSPORT=852/Main.fb_s18_EK1110.iTerminal_ID?" (index 156).
2022/10/18 16:29:41.585 adsAsynPortDriver:drvUserCreate: Parameter created: "TIMEBASE=PLC/T_DLY_MS=500/TS_MS=10/ADSPORT=852/Main.fb_s19_indraDrive.InfoData_State?" (index 157).
2022/10/18 16:29:41.595 adsAsynPortDriver:drvUserCreate: Parameter created: "TIMEBASE=PLC/T_DLY_MS=500/TS_MS=10/ADSPORT=852/Main.fb_s19_indraDrive.iTerminal_ID?" (index 158).
2022/10/18 16:29:41.607 adsAsynPortDriver:drvUserCreate: Parameter created: "TIMEBASE=PLC/T_DLY_MS=500/TS_MS=10/ADSPORT=852/Main.fb_s20_IPOS8020.InfoData_State?" (index 159).
2022/10/18 16:29:41.619 adsAsynPortDriver:drvUserCreate: Parameter created: "TIMEBASE=PLC/T_DLY_MS=500/TS_MS=10/ADSPORT=852/Main.fb_s20_IPOS8020.iTerminal_ID?" (index 160).
2022/10/18 16:29:41.631 adsAsynPortDriver:drvUserCreate: Parameter created: "TIMEBASE=PLC/T_DLY_MS=500/TS_MS=10/ADSPORT=852/Main.fb_s21_IPOS8020.InfoData_State?" (index 161).
2022/10/18 16:29:41.641 adsAsynPortDriver:drvUserCreate: Parameter created: "TIMEBASE=PLC/T_DLY_MS=500/TS_MS=10/ADSPORT=852/Main.fb_s21_IPOS8020.iTerminal_ID?" (index 162).
2022/10/18 16:29:41.651 adsAsynPortDriver:drvUserCreate: Parameter created: "TIMEBASE=PLC/T_DLY_MS=500/TS_MS=10/ADSPORT=852/Main.fb_s22_IPOS8020.InfoData_State?" (index 163).
2022/10/18 16:29:41.663 adsAsynPortDriver:drvUserCreate: Parameter created: "TIMEBASE=PLC/T_DLY_MS=500/TS_MS=10/ADSPORT=852/Main.fb_s22_IPOS8020.iTerminal_ID?" (index 164).
2022/10/18 16:29:41.673 adsAsynPortDriver:drvUserCreate: Parameter created: "ADSPORT=852/Main.stHwControlRot.bEnable?" (index 165).
2022/10/18 16:29:41.685 adsAsynPortDriver:drvUserCreate: Parameter created: "ADSPORT=852/Main.stHwStatusRot.bEnabled?" (index 166).
2022/10/18 16:29:41.697 adsAsynPortDriver:drvUserCreate: Parameter created: "ADSPORT=852/Main.fbModePhase.bPhasing?" (index 167).
2022/10/18 16:29:41.707 adsAsynPortDriver:drvUserCreate: Parameter created: "ADSPORT=852/Main.fbModePhase.bVeloStable?" (index 168).
2022/10/18 16:29:41.718 adsAsynPortDriver:drvUserCreate: Parameter created: "ADSPORT=852/Main.stHwStatusRot.bError?" (index 169).
2022/10/18 16:29:41.729 adsAsynPortDriver:drvUserCreate: Parameter created: "ADSPORT=852/Main.stHwStatusRot.bmanualInterlockOverride?" (index 170).
2022/10/18 16:29:41.739 adsAsynPortDriver:drvUserCreate: Parameter created: "ADSPORT=852/Main.stHwStatusRot.bHwStatusOK?" (index 171).
2022/10/18 16:29:41.751 adsAsynPortDriver:drvUserCreate: Parameter created: "ADSPORT=852/Main.stHwStatusRot.bGeneralILOk?" (index 172).
2022/10/18 16:29:41.763 adsAsynPortDriver:drvUserCreate: Parameter created: "ADSPORT=852/Main.stHwStatusRot.bSumILOK?" (index 173).
2022/10/18 16:29:41.773 adsAsynPortDriver:drvUserCreate: Parameter created: "ADSPORT=852/Main.stHwStatusRot.bEstopOK?" (index 174).
2022/10/18 16:29:41.785 adsAsynPortDriver:drvUserCreate: Parameter created: "ADSPORT=852/Main.stStatusRot.bPhaseOK?" (index 175).
2022/10/18 16:29:41.795 adsAsynPortDriver:drvUserCreate: Parameter created: "ADSPORT=852/Main.stStatus.bDriveInParameterMode?" (index 176).
2022/10/18 16:29:41.805 adsAsynPortDriver:drvUserCreate: Parameter created: "ADSPORT=852/Main.stStatus.bDCBusPresent?" (index 177).
2022/10/18 16:29:41.817 adsAsynPortDriver:drvUserCreate: Parameter created: "ADSPORT=852/Main.stStatus.bAxisEnabled?" (index 178).
2022/10/18 16:29:41.829 adsAsynPortDriver:drvUserCreate: Parameter created: "ADSPORT=852/Main.stStatus.bAxisHomedStatus?" (index 179).
2022/10/18 16:29:41.839 adsAsynPortDriver:drvUserCreate: Parameter created: "ADSPORT=852/Main.stStatus.bAxisStandStillStatus?" (index 180).
2022/10/18 16:29:41.850 adsAsynPortDriver:drvUserCreate: Parameter created: "ADSPORT=852/Main.stStatus.bAxisInTargetPosition?" (index 181).
2022/10/18 16:29:41.861 adsAsynPortDriver:drvUserCreate: Parameter created: "ADSPORT=852/Main.stStatus.bAxisConstantVelocityStatus?" (index 182).
2022/10/18 16:29:41.873 adsAsynPortDriver:drvUserCreate: Parameter created: "ADSPORT=852/Main.stStatus.bAxisAccelerationStatus?" (index 183).
2022/10/18 16:29:41.885 adsAsynPortDriver:drvUserCreate: Parameter created: "ADSPORT=852/Main.stStatus.bAxisDecelerationStatus?" (index 184).
2022/10/18 16:29:41.895 adsAsynPortDriver:drvUserCreate: Parameter created: "ADSPORT=852/Main.stStatus.bAxisJogStatus?" (index 185).
2022/10/18 16:29:41.907 adsAsynPortDriver:drvUserCreate: Parameter created: "ADSPORT=852/Main.stStatus.bCommandChange?" (index 186).
2022/10/18 16:29:41.919 adsAsynPortDriver:drvUserCreate: Parameter created: "ADSPORT=852/Main.stStatus.bCommandValueProcessing?" (index 187).
2022/10/18 16:29:41.931 adsAsynPortDriver:drvUserCreate: Parameter created: "ADSPORT=852/Main.stStatus.bLimitsDisabled?" (index 188).
2022/10/18 16:29:41.943 adsAsynPortDriver:drvUserCreate: Parameter created: "ADSPORT=852/Main.stStatus.bDiagMessage?" (index 189).
2022/10/18 16:29:41.955 adsAsynPortDriver:drvUserCreate: Parameter created: "ADSPORT=852/Main.stStatus.bWarning?" (index 190).
2022/10/18 16:29:41.965 adsAsynPortDriver:drvUserCreate: Parameter created: "ADSPORT=852/Main.stStatus.bError?" (index 191).
2022/10/18 16:29:41.977 adsAsynPortDriver:drvUserCreate: Parameter created: "ADSPORT=852/T_DLY_MS=500/TS_MS=100/Main.stStatus.bSTOActiveCh1?" (index 192).
2022/10/18 16:29:41.987 adsAsynPortDriver:drvUserCreate: Parameter created: "ADSPORT=852/T_DLY_MS=500/TS_MS=100/Main.stStatus.bSTOActiveCh2?" (index 193).
2022/10/18 16:29:42.039 adsAsynPortDriver:drvUserCreate: Parameter created: "ADSPORT=852/Main.stHwStatusRot.bHomed?" (index 194).
2022/10/18 16:29:42.051 adsAsynPortDriver:drvUserCreate: Parameter created: "ADSPORT=852/Main.stHWStatusDev.bBeamOff?" (index 195).
2022/10/18 16:29:42.063 adsAsynPortDriver:drvUserCreate: Parameter created: "ADSPORT=852/Main.stHwStatusX.bEstopOK?" (index 196).
2022/10/18 16:29:42.075 adsAsynPortDriver:drvUserCreate: Parameter created: "ADSPORT=852/T_DLY_MS=100/TS_MS=100/GVL.astAxes[1].stInputs.bLimitfwd?" (index 197).
2022/10/18 16:29:42.087 adsAsynPortDriver:drvUserCreate: Parameter created: "ADSPORT=852/T_DLY_MS=100/TS_MS=100/GVL.astAxes[1].stInputs.bLimitbwd?" (index 198).
2022/10/18 16:29:42.099 adsAsynPortDriver:drvUserCreate: Parameter created: "ADSPORT=852/Main.stHwStatusX.bLimitMaxMax?" (index 199).
2022/10/18 16:29:42.110 adsAsynPortDriver:drvUserCreate: Parameter created: "ADSPORT=852/Main.stHwStatusX.bLimitMinmin?" (index 200).
2022/10/18 16:29:42.120 adsAsynPortDriver:drvUserCreate: Parameter created: "ADSPORT=852/Main.stHwStatusX.bBrakeReleased?" (index 201).
2022/10/18 16:29:42.133 adsAsynPortDriver:drvUserCreate: Parameter created: "ADSPORT=852/Main.stHwStatusX.bSumFwdILOK?" (index 202).
2022/10/18 16:29:42.144 adsAsynPortDriver:drvUserCreate: Parameter created: "ADSPORT=852/Main.stHwStatusX.bSumBwdILOK?" (index 203).
2022/10/18 16:29:42.155 adsAsynPortDriver:drvUserCreate: Parameter created: "ADSPORT=852/Main.stHwStatusX.bmanualInterlockOverride?" (index 204).
2022/10/18 16:29:42.165 adsAsynPortDriver:drvUserCreate: Parameter created: "ADSPORT=852/Main.stHwStatusX.bLimitMinPark?" (index 205).
2022/10/18 16:29:42.177 adsAsynPortDriver:drvUserCreate: Parameter created: "ADSPORT=852/Main.stHwStatusX.bLimitMinMinPark?" (index 206).
2022/10/18 16:29:42.188 adsAsynPortDriver:drvUserCreate: Parameter created: "ADSPORT=852/Main.stHwStatusX.bParkingRangeEnabled?" (index 207).
2022/10/18 16:29:42.198 adsAsynPortDriver:drvUserCreate: Parameter created: "ADSPORT=852/Main.stHwStatusX.bHwStatusOK?" (index 208).
2022/10/18 16:29:42.209 adsAsynPortDriver:drvUserCreate: Parameter created: "ADSPORT=852/Main.stHwStatusX.bGeneralAndOverrideILOk?" (index 209).
2022/10/18 16:29:42.220 adsAsynPortDriver:drvUserCreate: Parameter created: "ADSPORT=852/Main.stHwStatusX.bGeneralILOk?" (index 210).
2022/10/18 16:29:42.231 adsAsynPortDriver:drvUserCreate: Parameter created: "ADSPORT=852/Main.stHwStatusX.bHomed?" (index 211).
2022/10/18 16:29:42.243 adsAsynPortDriver:drvUserCreate: Parameter created: "ADSPORT=852/Main.stHwStatusX.bHomingCmdActive?" (index 212).
2022/10/18 16:29:42.255 adsAsynPortDriver:drvUserCreate: Parameter created: "ADSPORT=852/Main.stHwStatusX.bEnabled?" (index 213).
2022/10/18 16:29:42.267 adsAsynPortDriver:drvUserCreate: Parameter created: "ADSPORT=852/Main.stHwStatusX.bBusy?" (index 214).
2022/10/18 16:29:42.279 adsAsynPortDriver:drvUserCreate: Parameter created: "ADSPORT=852/Main.stHwStatusX.bLoLoAlm?" (index 215).
2022/10/18 16:29:42.289 adsAsynPortDriver:drvUserCreate: Parameter created: "ADSPORT=852/Main.stHwStatusX.bLoAlm?" (index 216).
2022/10/18 16:29:42.301 adsAsynPortDriver:drvUserCreate: Parameter created: "ADSPORT=852/Main.stHwStatusX.bHiHiAlm?" (index 217).
2022/10/18 16:29:42.313 adsAsynPortDriver:drvUserCreate: Parameter created: "ADSPORT=852/Main.stHwStatusX.bHiAlm?" (index 218).
2022/10/18 16:29:42.324 adsAsynPortDriver:drvUserCreate: Parameter created: "ADSPORT=852/GVL.astAxes[1].stStatus.bFwEnabled?" (index 219).
2022/10/18 16:29:42.335 adsAsynPortDriver:drvUserCreate: Parameter created: "ADSPORT=852/GVL.astAxes[1].stStatus.bBwEnabled?" (index 220).
2022/10/18 16:29:42.348 adsAsynPortDriver:drvUserCreate: Parameter created: "ADSPORT=852/Main.stHwStatusY.bEstopOK?" (index 221).
2022/10/18 16:29:42.359 adsAsynPortDriver:drvUserCreate: Parameter created: "ADSPORT=852/T_DLY_MS=100/TS_MS=100/GVL.astAxes[2].stInputs.bLimitfwd?" (index 222).
2022/10/18 16:29:42.371 adsAsynPortDriver:drvUserCreate: Parameter created: "ADSPORT=852/T_DLY_MS=100/TS_MS=100/GVL.astAxes[2].stInputs.bLimitbwd?" (index 223).
2022/10/18 16:29:42.381 adsAsynPortDriver:drvUserCreate: Parameter created: "ADSPORT=852/Main.stHwStatusY.bLimitMaxMax?" (index 224).
2022/10/18 16:29:42.391 adsAsynPortDriver:drvUserCreate: Parameter created: "ADSPORT=852/Main.stHwStatusY.bLimitMinmin?" (index 225).
2022/10/18 16:29:42.403 adsAsynPortDriver:drvUserCreate: Parameter created: "ADSPORT=852/Main.stHwStatusY.bBrakeReleased?" (index 226).
2022/10/18 16:29:42.413 adsAsynPortDriver:drvUserCreate: Parameter created: "ADSPORT=852/Main.stHwStatusY.bSumFwdILOK?" (index 227).
2022/10/18 16:29:42.423 adsAsynPortDriver:drvUserCreate: Parameter created: "ADSPORT=852/Main.stHwStatusY.bSumBwdILOK?" (index 228).
2022/10/18 16:29:42.434 adsAsynPortDriver:drvUserCreate: Parameter created: "ADSPORT=852/Main.stHwStatusY.bmanualInterlockOverride?" (index 229).
2022/10/18 16:29:42.445 adsAsynPortDriver:drvUserCreate: Parameter created: "ADSPORT=852/Main.stHwStatusY.bLimitMinPark?" (index 230).
2022/10/18 16:29:42.455 adsAsynPortDriver:drvUserCreate: Parameter created: "ADSPORT=852/Main.stHwStatusY.bLimitMinMinPark?" (index 231).
2022/10/18 16:29:42.467 adsAsynPortDriver:drvUserCreate: Parameter created: "ADSPORT=852/Main.stHwStatusY.bParkingRangeEnabled?" (index 232).
2022/10/18 16:29:42.477 adsAsynPortDriver:drvUserCreate: Parameter created: "ADSPORT=852/Main.stHwStatusY.bHwStatusOK?" (index 233).
2022/10/18 16:29:42.488 adsAsynPortDriver:drvUserCreate: Parameter created: "ADSPORT=852/Main.stHwStatusY.bGeneralAndOverrideILOk?" (index 234).
2022/10/18 16:29:42.501 adsAsynPortDriver:drvUserCreate: Parameter created: "ADSPORT=852/Main.stHwStatusY.bGeneralILOk?" (index 235).
2022/10/18 16:29:42.513 adsAsynPortDriver:drvUserCreate: Parameter created: "ADSPORT=852/Main.stHwStatusY.bHomed?" (index 236).
2022/10/18 16:29:42.525 adsAsynPortDriver:drvUserCreate: Parameter created: "ADSPORT=852/Main.stHwStatusY.bHomingCmdActive?" (index 237).
2022/10/18 16:29:42.537 adsAsynPortDriver:drvUserCreate: Parameter created: "ADSPORT=852/Main.stHwStatusY.bEnabled?" (index 238).
2022/10/18 16:29:42.547 adsAsynPortDriver:drvUserCreate: Parameter created: "ADSPORT=852/Main.stHwStatusY.bBusy?" (index 239).
2022/10/18 16:29:42.558 adsAsynPortDriver:drvUserCreate: Parameter created: "ADSPORT=852/Main.stHwStatusY.bLoLoAlm?" (index 240).
2022/10/18 16:29:42.570 adsAsynPortDriver:drvUserCreate: Parameter created: "ADSPORT=852/Main.stHwStatusY.bLoAlm?" (index 241).
2022/10/18 16:29:42.581 adsAsynPortDriver:drvUserCreate: Parameter created: "ADSPORT=852/Main.stHwStatusY.bHiHiAlm?" (index 242).
2022/10/18 16:29:42.593 adsAsynPortDriver:drvUserCreate: Parameter created: "ADSPORT=852/Main.stHwStatusY.bHiAlm?" (index 243).
2022/10/18 16:29:42.605 adsAsynPortDriver:drvUserCreate: Parameter created: "ADSPORT=852/GVL.astAxes[2].stStatus.bFwEnabled?" (index 244).
2022/10/18 16:29:42.617 adsAsynPortDriver:drvUserCreate: Parameter created: "ADSPORT=852/GVL.astAxes[2].stStatus.bBwEnabled?" (index 245).
2022/10/18 16:29:42.629 adsAsynPortDriver:drvUserCreate: Parameter created: "ADSPORT=852/Main.stHwStatusZ.bEstopOK?" (index 246).
2022/10/18 16:29:42.639 adsAsynPortDriver:drvUserCreate: Parameter created: "ADSPORT=852/T_DLY_MS=100/TS_MS=100/GVL.astAxes[3].stInputs.bLimitfwd?" (index 247).
2022/10/18 16:29:42.649 adsAsynPortDriver:drvUserCreate: Parameter created: "ADSPORT=852/T_DLY_MS=100/TS_MS=100/GVL.astAxes[3].stInputs.bLimitbwd?" (index 248).
2022/10/18 16:29:42.660 adsAsynPortDriver:drvUserCreate: Parameter created: "ADSPORT=852/Main.stHwStatusZ.bLimitMaxMax?" (index 249).
2022/10/18 16:29:42.671 adsAsynPortDriver:drvUserCreate: Parameter created: "ADSPORT=852/Main.stHwStatusZ.bLimitMinmin?" (index 250).
2022/10/18 16:29:42.681 adsAsynPortDriver:drvUserCreate: Parameter created: "ADSPORT=852/Main.stHwStatusZ.bBrakeReleased?" (index 251).
2022/10/18 16:29:42.693 adsAsynPortDriver:drvUserCreate: Parameter created: "ADSPORT=852/Main.stHwStatusZ.bSumFwdILOK?" (index 252).
2022/10/18 16:29:42.705 adsAsynPortDriver:drvUserCreate: Parameter created: "ADSPORT=852/Main.stHwStatusZ.bSumBwdILOK?" (index 253).
2022/10/18 16:29:42.717 adsAsynPortDriver:drvUserCreate: Parameter created: "ADSPORT=852/Main.stHwStatusZ.bmanualInterlockOverride?" (index 254).
2022/10/18 16:29:42.729 adsAsynPortDriver:drvUserCreate: Parameter created: "ADSPORT=852/Main.stHwStatusZ.bLimitMinPark?" (index 255).
2022/10/18 16:29:42.739 adsAsynPortDriver:drvUserCreate: Parameter created: "ADSPORT=852/Main.stHwStatusZ.bLimitMinMinPark?" (index 256).
2022/10/18 16:29:42.751 adsAsynPortDriver:drvUserCreate: Parameter created: "ADSPORT=852/Main.stHwStatusZ.bParkingRangeEnabled?" (index 257).
2022/10/18 16:29:42.764 adsAsynPortDriver:drvUserCreate: Parameter created: "ADSPORT=852/Main.stHwStatusZ.bHwStatusOK?" (index 258).
2022/10/18 16:29:42.774 adsAsynPortDriver:drvUserCreate: Parameter created: "ADSPORT=852/Main.stHwStatusZ.bGeneralAndOverrideILOk?" (index 259).
2022/10/18 16:29:42.785 adsAsynPortDriver:drvUserCreate: Parameter created: "ADSPORT=852/Main.stHwStatusZ.bGeneralILOk?" (index 260).
2022/10/18 16:29:42.797 adsAsynPortDriver:drvUserCreate: Parameter created: "ADSPORT=852/Main.stHwStatusZ.bHomed?" (index 261).
2022/10/18 16:29:42.807 adsAsynPortDriver:drvUserCreate: Parameter created: "ADSPORT=852/Main.stHwStatusZ.bHomingCmdActive?" (index 262).
2022/10/18 16:29:42.819 adsAsynPortDriver:drvUserCreate: Parameter created: "ADSPORT=852/Main.stHwStatusZ.bEnabled?" (index 263).
2022/10/18 16:29:42.829 adsAsynPortDriver:drvUserCreate: Parameter created: "ADSPORT=852/Main.stHwStatusZ.bBusy?" (index 264).
2022/10/18 16:29:42.841 adsAsynPortDriver:drvUserCreate: Parameter created: "ADSPORT=852/Main.stHwStatusZ.bLoLoAlm?" (index 265).
2022/10/18 16:29:42.852 adsAsynPortDriver:drvUserCreate: Parameter created: "ADSPORT=852/Main.stHwStatusZ.bLoAlm?" (index 266).
2022/10/18 16:29:42.863 adsAsynPortDriver:drvUserCreate: Parameter created: "ADSPORT=852/Main.stHwStatusZ.bHiHiAlm?" (index 267).
2022/10/18 16:29:42.873 adsAsynPortDriver:drvUserCreate: Parameter created: "ADSPORT=852/Main.stHwStatusZ.bHiAlm?" (index 268).
2022/10/18 16:29:42.885 adsAsynPortDriver:drvUserCreate: Parameter created: "ADSPORT=852/GVL.astAxes[3].stStatus.bFwEnabled?" (index 269).
2022/10/18 16:29:42.897 adsAsynPortDriver:drvUserCreate: Parameter created: "ADSPORT=852/GVL.astAxes[3].stStatus.bBwEnabled?" (index 270).
2022/10/18 16:29:42.910 adsAsynPortDriver:drvUserCreate: Parameter created: "TIMEBASE=PLC/T_DLY_MS=500/TS_MS=10/ADSPORT=852/Main.fb_s2_EL1809.WcState_WcState?" (index 271).
2022/10/18 16:29:42.921 adsAsynPortDriver:drvUserCreate: Parameter created: "TIMEBASE=PLC/T_DLY_MS=500/TS_MS=10/ADSPORT=852/Main.fb_s2_EL1809.bError?" (index 272).
2022/10/18 16:29:42.931 adsAsynPortDriver:drvUserCreate: Parameter created: "TIMEBASE=PLC/T_DLY_MS=500/TS_MS=10/ADSPORT=852/Main.fb_s2_EL1809.bBI_1?" (index 273).
2022/10/18 16:29:42.942 adsAsynPortDriver:drvUserCreate: Parameter created: "TIMEBASE=PLC/T_DLY_MS=500/TS_MS=10/ADSPORT=852/Main.fb_s2_EL1809.bBI_2?" (index 274).
2022/10/18 16:29:42.953 adsAsynPortDriver:drvUserCreate: Parameter created: "TIMEBASE=PLC/T_DLY_MS=500/TS_MS=10/ADSPORT=852/Main.fb_s2_EL1809.bBI_3?" (index 275).
2022/10/18 16:29:42.963 adsAsynPortDriver:drvUserCreate: Parameter created: "TIMEBASE=PLC/T_DLY_MS=500/TS_MS=10/ADSPORT=852/Main.fb_s2_EL1809.bBI_4?" (index 276).
2022/10/18 16:29:42.975 adsAsynPortDriver:drvUserCreate: Parameter created: "TIMEBASE=PLC/T_DLY_MS=500/TS_MS=10/ADSPORT=852/Main.fb_s2_EL1809.bBI_5?" (index 277).
2022/10/18 16:29:42.987 adsAsynPortDriver:drvUserCreate: Parameter created: "TIMEBASE=PLC/T_DLY_MS=500/TS_MS=10/ADSPORT=852/Main.fb_s2_EL1809.bBI_6?" (index 278).
2022/10/18 16:29:42.999 adsAsynPortDriver:drvUserCreate: Parameter created: "TIMEBASE=PLC/T_DLY_MS=500/TS_MS=10/ADSPORT=852/Main.fb_s2_EL1809.bBI_7?" (index 279).
2022/10/18 16:29:43.011 adsAsynPortDriver:drvUserCreate: Parameter created: "TIMEBASE=PLC/T_DLY_MS=500/TS_MS=10/ADSPORT=852/Main.fb_s2_EL1809.bBI_8?" (index 280).
2022/10/18 16:29:43.022 adsAsynPortDriver:drvUserCreate: Parameter created: "TIMEBASE=PLC/T_DLY_MS=500/TS_MS=10/ADSPORT=852/Main.fb_s2_EL1809.bBI_9?" (index 281).
2022/10/18 16:29:43.034 adsAsynPortDriver:drvUserCreate: Parameter created: "TIMEBASE=PLC/T_DLY_MS=500/TS_MS=10/ADSPORT=852/Main.fb_s2_EL1809.bBI_10?" (index 282).
2022/10/18 16:29:43.045 adsAsynPortDriver:drvUserCreate: Parameter created: "TIMEBASE=PLC/T_DLY_MS=500/TS_MS=10/ADSPORT=852/Main.fb_s2_EL1809.bBI_11?" (index 283).
2022/10/18 16:29:43.055 adsAsynPortDriver:drvUserCreate: Parameter created: "TIMEBASE=PLC/T_DLY_MS=500/TS_MS=10/ADSPORT=852/Main.fb_s2_EL1809.bBI_12?" (index 284).
2022/10/18 16:29:43.067 adsAsynPortDriver:drvUserCreate: Parameter created: "TIMEBASE=PLC/T_DLY_MS=500/TS_MS=10/ADSPORT=852/Main.fb_s2_EL1809.bBI_13?" (index 285).
2022/10/18 16:29:43.079 adsAsynPortDriver:drvUserCreate: Parameter created: "TIMEBASE=PLC/T_DLY_MS=500/TS_MS=10/ADSPORT=852/Main.fb_s2_EL1809.bBI_14?" (index 286).
2022/10/18 16:29:43.091 adsAsynPortDriver:drvUserCreate: Parameter created: "TIMEBASE=PLC/T_DLY_MS=500/TS_MS=10/ADSPORT=852/Main.fb_s2_EL1809.bBI_15?" (index 287).
2022/10/18 16:29:43.103 adsAsynPortDriver:drvUserCreate: Parameter created: "TIMEBASE=PLC/T_DLY_MS=500/TS_MS=10/ADSPORT=852/Main.fb_s2_EL1809.bBI_16?" (index 288).
2022/10/18 16:29:43.115 adsAsynPortDriver:drvUserCreate: Parameter created: "TIMEBASE=PLC/T_DLY_MS=500/TS_MS=10/ADSPORT=852/Main.fb_s3_EL1809.WcState_WcState?" (index 289).
2022/10/18 16:29:43.127 adsAsynPortDriver:drvUserCreate: Parameter created: "TIMEBASE=PLC/T_DLY_MS=500/TS_MS=10/ADSPORT=852/Main.fb_s3_EL1809.bError?" (index 290).
2022/10/18 16:29:43.139 adsAsynPortDriver:drvUserCreate: Parameter created: "TIMEBASE=PLC/T_DLY_MS=500/TS_MS=10/ADSPORT=852/Main.fb_s3_EL1809.bBI_1?" (index 291).
2022/10/18 16:29:43.151 adsAsynPortDriver:drvUserCreate: Parameter created: "TIMEBASE=PLC/T_DLY_MS=500/TS_MS=10/ADSPORT=852/Main.fb_s3_EL1809.bBI_2?" (index 292).
2022/10/18 16:29:43.164 adsAsynPortDriver:drvUserCreate: Parameter created: "TIMEBASE=PLC/T_DLY_MS=500/TS_MS=10/ADSPORT=852/Main.fb_s3_EL1809.bBI_3?" (index 293).
2022/10/18 16:29:43.175 adsAsynPortDriver:drvUserCreate: Parameter created: "TIMEBASE=PLC/T_DLY_MS=500/TS_MS=10/ADSPORT=852/Main.fb_s3_EL1809.bBI_4?" (index 294).
2022/10/18 16:29:43.187 adsAsynPortDriver:drvUserCreate: Parameter created: "TIMEBASE=PLC/T_DLY_MS=500/TS_MS=10/ADSPORT=852/Main.fb_s3_EL1809.bBI_5?" (index 295).
2022/10/18 16:29:43.200 adsAsynPortDriver:drvUserCreate: Parameter created: "TIMEBASE=PLC/T_DLY_MS=500/TS_MS=10/ADSPORT=852/Main.fb_s3_EL1809.bBI_6?" (index 296).
2022/10/18 16:29:43.211 adsAsynPortDriver:drvUserCreate: Parameter created: "TIMEBASE=PLC/T_DLY_MS=500/TS_MS=10/ADSPORT=852/Main.fb_s3_EL1809.bBI_7?" (index 297).
2022/10/18 16:29:43.223 adsAsynPortDriver:drvUserCreate: Parameter created: "TIMEBASE=PLC/T_DLY_MS=500/TS_MS=10/ADSPORT=852/Main.fb_s3_EL1809.bBI_8?" (index 298).
2022/10/18 16:29:43.235 adsAsynPortDriver:drvUserCreate: Parameter created: "TIMEBASE=PLC/T_DLY_MS=500/TS_MS=10/ADSPORT=852/Main.fb_s3_EL1809.bBI_9?" (index 299).
2022/10/18 16:29:43.248 adsAsynPortDriver:drvUserCreate: Parameter created: "TIMEBASE=PLC/T_DLY_MS=500/TS_MS=10/ADSPORT=852/Main.fb_s3_EL1809.bBI_10?" (index 300).
2022/10/18 16:29:43.259 adsAsynPortDriver:drvUserCreate: Parameter created: "TIMEBASE=PLC/T_DLY_MS=500/TS_MS=10/ADSPORT=852/Main.fb_s3_EL1809.bBI_11?" (index 301).
2022/10/18 16:29:43.271 adsAsynPortDriver:drvUserCreate: Parameter created: "TIMEBASE=PLC/T_DLY_MS=500/TS_MS=10/ADSPORT=852/Main.fb_s3_EL1809.bBI_12?" (index 302).
2022/10/18 16:29:43.283 adsAsynPortDriver:drvUserCreate: Parameter created: "TIMEBASE=PLC/T_DLY_MS=500/TS_MS=10/ADSPORT=852/Main.fb_s3_EL1809.bBI_13?" (index 303).
2022/10/18 16:29:43.293 adsAsynPortDriver:drvUserCreate: Parameter created: "TIMEBASE=PLC/T_DLY_MS=500/TS_MS=10/ADSPORT=852/Main.fb_s3_EL1809.bBI_14?" (index 304).
2022/10/18 16:29:43.305 adsAsynPortDriver:drvUserCreate: Parameter created: "TIMEBASE=PLC/T_DLY_MS=500/TS_MS=10/ADSPORT=852/Main.fb_s3_EL1809.bBI_15?" (index 305).
2022/10/18 16:29:43.317 adsAsynPortDriver:drvUserCreate: Parameter created: "TIMEBASE=PLC/T_DLY_MS=500/TS_MS=10/ADSPORT=852/Main.fb_s3_EL1809.bBI_16?" (index 306).
2022/10/18 16:29:43.330 adsAsynPortDriver:drvUserCreate: Parameter created: "TIMEBASE=PLC/T_DLY_MS=500/TS_MS=10/ADSPORT=852/Main.fb_s4_EL2819.WcState_WcState?" (index 307).
2022/10/18 16:29:43.341 adsAsynPortDriver:drvUserCreate: Parameter created: "TIMEBASE=PLC/T_DLY_MS=500/TS_MS=10/ADSPORT=852/Main.fb_s4_EL2819.bError?" (index 308).
2022/10/18 16:29:43.354 adsAsynPortDriver:drvUserCreate: Parameter created: "TIMEBASE=PLC/T_DLY_MS=500/TS_MS=10/ADSPORT=852/Main.fb_s5_EL2819.WcState_WcState?" (index 309).
2022/10/18 16:29:43.365 adsAsynPortDriver:drvUserCreate: Parameter created: "TIMEBASE=PLC/T_DLY_MS=500/TS_MS=10/ADSPORT=852/Main.fb_s5_EL2819.bError?" (index 310).
2022/10/18 16:29:43.378 adsAsynPortDriver:drvUserCreate: Parameter created: "TIMEBASE=PLC/T_DLY_MS=500/TS_MS=10/ADSPORT=852/Main.fb_s6_EL9505.WcState_WcState?" (index 311).
2022/10/18 16:29:43.390 adsAsynPortDriver:drvUserCreate: Parameter created: "TIMEBASE=PLC/T_DLY_MS=500/TS_MS=10/ADSPORT=852/Main.fb_s6_EL9505.bError?" (index 312).
2022/10/18 16:29:43.401 adsAsynPortDriver:drvUserCreate: Parameter created: "TIMEBASE=PLC/T_DLY_MS=500/TS_MS=10/ADSPORT=852/Main.fb_s6_EL9505.bUoPwr_OK?" (index 313).
2022/10/18 16:29:43.413 adsAsynPortDriver:drvUserCreate: Parameter created: "TIMEBASE=PLC/T_DLY_MS=500/TS_MS=10/ADSPORT=852/Main.fb_s6_EL9505.bUo_Overload?" (index 314).
2022/10/18 16:29:43.426 adsAsynPortDriver:drvUserCreate: Parameter created: "TIMEBASE=PLC/T_DLY_MS=500/TS_MS=10/ADSPORT=852/Main.fb_s7_EL1252.WcState_WcState?" (index 315).
2022/10/18 16:29:43.437 adsAsynPortDriver:drvUserCreate: Parameter created: "TIMEBASE=PLC/T_DLY_MS=500/TS_MS=10/ADSPORT=852/Main.fb_s7_EL1252.bError?" (index 316).
2022/10/18 16:29:43.450 adsAsynPortDriver:drvUserCreate: Parameter created: "TIMEBASE=PLC/T_DLY_MS=500/TS_MS=10/ADSPORT=852/Main.fb_s7_EL1252.bBI_1?" (index 317).
2022/10/18 16:29:43.462 adsAsynPortDriver:drvUserCreate: Parameter created: "TIMEBASE=PLC/T_DLY_MS=500/TS_MS=10/ADSPORT=852/Main.fb_s7_EL1252.bBI_2?" (index 318).
2022/10/18 16:29:43.474 adsAsynPortDriver:drvUserCreate: Parameter created: "TIMEBASE=PLC/T_DLY_MS=500/TS_MS=10/ADSPORT=852/Main.fb_s8_EL9410.WcState_WcState?" (index 319).
2022/10/18 16:29:43.485 adsAsynPortDriver:drvUserCreate: Parameter created: "TIMEBASE=PLC/T_DLY_MS=500/TS_MS=10/ADSPORT=852/Main.fb_s8_EL9410.bError?" (index 320).
2022/10/18 16:29:43.498 adsAsynPortDriver:drvUserCreate: Parameter created: "TIMEBASE=PLC/T_DLY_MS=500/TS_MS=10/ADSPORT=852/Main.fb_s8_EL9410.bUs_Undervoltage?" (index 321).
2022/10/18 16:29:43.510 adsAsynPortDriver:drvUserCreate: Parameter created: "TIMEBASE=PLC/T_DLY_MS=500/TS_MS=10/ADSPORT=852/Main.fb_s8_EL9410.bUp_Undervoltage?" (index 322).
2022/10/18 16:29:43.522 adsAsynPortDriver:drvUserCreate: Parameter created: "TIMEBASE=PLC/T_DLY_MS=500/TS_MS=10/ADSPORT=852/Main.fb_s9_EL1252.WcState_WcState?" (index 323).
2022/10/18 16:29:43.534 adsAsynPortDriver:drvUserCreate: Parameter created: "TIMEBASE=PLC/T_DLY_MS=500/TS_MS=10/ADSPORT=852/Main.fb_s9_EL1252.bError?" (index 324).
2022/10/18 16:29:43.545 adsAsynPortDriver:drvUserCreate: Parameter created: "TIMEBASE=PLC/T_DLY_MS=500/TS_MS=10/ADSPORT=852/Main.fb_s9_EL1252.bBI_1?" (index 325).
2022/10/18 16:29:43.558 adsAsynPortDriver:drvUserCreate: Parameter created: "TIMEBASE=PLC/T_DLY_MS=500/TS_MS=10/ADSPORT=852/Main.fb_s9_EL1252.bBI_2?" (index 326).
2022/10/18 16:29:43.570 adsAsynPortDriver:drvUserCreate: Parameter created: "TIMEBASE=PLC/T_DLY_MS=500/TS_MS=10/ADSPORT=852/Main.fb_s10_EL7201.WcState_WcState?" (index 327).
2022/10/18 16:29:43.581 adsAsynPortDriver:drvUserCreate: Parameter created: "TIMEBASE=PLC/T_DLY_MS=500/TS_MS=10/ADSPORT=852/Main.fb_s10_EL7201.bError?" (index 328).
2022/10/18 16:29:43.594 adsAsynPortDriver:drvUserCreate: Parameter created: "TIMEBASE=PLC/T_DLY_MS=500/TS_MS=10/ADSPORT=852/Main.fb_s11_EL7201.WcState_WcState?" (index 329).
2022/10/18 16:29:43.605 adsAsynPortDriver:drvUserCreate: Parameter created: "TIMEBASE=PLC/T_DLY_MS=500/TS_MS=10/ADSPORT=852/Main.fb_s11_EL7201.bError?" (index 330).
2022/10/18 16:29:43.618 adsAsynPortDriver:drvUserCreate: Parameter created: "TIMEBASE=PLC/T_DLY_MS=500/TS_MS=10/ADSPORT=852/Main.fb_s12_EL7201.WcState_WcState?" (index 331).
2022/10/18 16:29:43.630 adsAsynPortDriver:drvUserCreate: Parameter created: "TIMEBASE=PLC/T_DLY_MS=500/TS_MS=10/ADSPORT=852/Main.fb_s12_EL7201.bError?" (index 332).
2022/10/18 16:29:43.642 adsAsynPortDriver:drvUserCreate: Parameter created: "TIMEBASE=PLC/T_DLY_MS=500/TS_MS=10/ADSPORT=852/Main.fb_s13_EL3214.WcState_WcState?" (index 333).
2022/10/18 16:29:43.654 adsAsynPortDriver:drvUserCreate: Parameter created: "TIMEBASE=PLC/T_DLY_MS=500/TS_MS=10/ADSPORT=852/Main.fb_s13_EL3214.bError?" (index 334).
2022/10/18 16:29:43.668 adsAsynPortDriver:drvUserCreate: Parameter created: "TIMEBASE=PLC/T_DLY_MS=500/TS_MS=10/ADSPORT=852/Main.fb_s14_EL5021.WcState_WcState?" (index 335).
2022/10/18 16:29:43.680 adsAsynPortDriver:drvUserCreate: Parameter created: "TIMEBASE=PLC/T_DLY_MS=500/TS_MS=10/ADSPORT=852/Main.fb_s14_EL5021.bError?" (index 336).
2022/10/18 16:29:43.692 adsAsynPortDriver:drvUserCreate: Parameter created: "TIMEBASE=PLC/T_DLY_MS=500/TS_MS=10/ADSPORT=852/Main.fb_s15_EL6695.WcState_WcState?" (index 337).
2022/10/18 16:29:43.706 adsAsynPortDriver:drvUserCreate: Parameter created: "TIMEBASE=PLC/T_DLY_MS=500/TS_MS=10/ADSPORT=852/Main.fb_s15_EL6695.bError?" (index 338).
2022/10/18 16:29:43.717 adsAsynPortDriver:drvUserCreate: Parameter created: "TIMEBASE=PLC/T_DLY_MS=500/TS_MS=10/ADSPORT=852/Main.fb_s16_EL9410.WcState_WcState?" (index 339).
2022/10/18 16:29:43.728 adsAsynPortDriver:drvUserCreate: Parameter created: "TIMEBASE=PLC/T_DLY_MS=500/TS_MS=10/ADSPORT=852/Main.fb_s16_EL9410.bError?" (index 340).
2022/10/18 16:29:43.740 adsAsynPortDriver:drvUserCreate: Parameter created: "TIMEBASE=PLC/T_DLY_MS=500/TS_MS=10/ADSPORT=852/Main.fb_s16_EL9410.bUs_Undervoltage?" (index 341).
2022/10/18 16:29:43.753 adsAsynPortDriver:drvUserCreate: Parameter created: "TIMEBASE=PLC/T_DLY_MS=500/TS_MS=10/ADSPORT=852/Main.fb_s16_EL9410.bUp_Undervoltage?" (index 342).
2022/10/18 16:29:43.765 adsAsynPortDriver:drvUserCreate: Parameter created: "TIMEBASE=PLC/T_DLY_MS=500/TS_MS=10/ADSPORT=852/Main.fb_s17_EL2032.WcState_WcState?" (index 343).
2022/10/18 16:29:43.776 adsAsynPortDriver:drvUserCreate: Parameter created: "TIMEBASE=PLC/T_DLY_MS=500/TS_MS=10/ADSPORT=852/Main.fb_s17_EL2032.bError?" (index 344).
2022/10/18 16:29:43.788 adsAsynPortDriver:drvUserCreate: Parameter created: "TIMEBASE=PLC/T_DLY_MS=500/TS_MS=10/ADSPORT=852/Main.fb_s18_EK1110.bError?" (index 345).
2022/10/18 16:29:43.800 adsAsynPortDriver:drvUserCreate: Parameter created: "TIMEBASE=PLC/T_DLY_MS=500/TS_MS=10/ADSPORT=852/Main.fb_s19_indraDrive.WcState_WcState?" (index 346).
2022/10/18 16:29:43.812 adsAsynPortDriver:drvUserCreate: Parameter created: "TIMEBASE=PLC/T_DLY_MS=500/TS_MS=10/ADSPORT=852/Main.fb_s19_indraDrive.bError?" (index 347).
2022/10/18 16:29:43.824 adsAsynPortDriver:drvUserCreate: Parameter created: "TIMEBASE=PLC/T_DLY_MS=500/TS_MS=10/ADSPORT=852/Main.fb_s20_IPOS8020.WcState_WcState?" (index 348).
2022/10/18 16:29:43.836 adsAsynPortDriver:drvUserCreate: Parameter created: "TIMEBASE=PLC/T_DLY_MS=500/TS_MS=10/ADSPORT=852/Main.fb_s20_IPOS8020.bError?" (index 349).
2022/10/18 16:29:43.848 adsAsynPortDriver:drvUserCreate: Parameter created: "TIMEBASE=PLC/T_DLY_MS=500/TS_MS=10/ADSPORT=852/Main.fb_s21_IPOS8020.WcState_WcState?" (index 350).
2022/10/18 16:29:43.862 adsAsynPortDriver:drvUserCreate: Parameter created: "TIMEBASE=PLC/T_DLY_MS=500/TS_MS=10/ADSPORT=852/Main.fb_s21_IPOS8020.bError?" (index 351).
2022/10/18 16:29:43.876 adsAsynPortDriver:drvUserCreate: Parameter created: "TIMEBASE=PLC/T_DLY_MS=500/TS_MS=10/ADSPORT=852/Main.fb_s22_IPOS8020.WcState_WcState?" (index 352).
2022/10/18 16:29:43.888 adsAsynPortDriver:drvUserCreate: Parameter created: "TIMEBASE=PLC/T_DLY_MS=500/TS_MS=10/ADSPORT=852/Main.fb_s22_IPOS8020.bError?" (index 353).
2022/10/18 16:29:43.898 adsAsynPortDriver:drvUserCreate: Parameter created: "TIMEBASE=PLC/T_DLY_MS=500/TS_MS=10/ADSPORT=852/Main.stHwStatusRot.fActPos?" (index 354).
2022/10/18 16:29:43.912 adsAsynPortDriver:drvUserCreate: Parameter created: "ADSPORT=852/T_DLY_MS=500/TS_MS=100/Main.stHwStatusRot.fActVel?" (index 355).
2022/10/18 16:29:43.923 adsAsynPortDriver:drvUserCreate: Parameter created: "ADSPORT=852/Main.stHwStatusRot.fActTorque?" (index 356).
2022/10/18 16:29:43.936 adsAsynPortDriver:drvUserCreate: Parameter created: "ADSPORT=852/Main.stHwStatusRot.fActTemp?" (index 357).
2022/10/18 16:29:43.948 adsAsynPortDriver:drvUserCreate: Parameter created: "ADSPORT=852/T_DLY_MS=500/TS_MS=10/Main.fbModePhase.fPhaseErrorMM?" (index 358).
2022/10/18 16:29:43.960 adsAsynPortDriver:drvUserCreate: Parameter created: "ADSPORT=852/Main.fbModePhase.nMissedTimingPulses?" (index 359).
2022/10/18 16:29:43.973 adsAsynPortDriver:drvUserCreate: Parameter created: "ADSPORT=852/Main.fbModePhase.nMissedTimingPulsesLow?" (index 360).
2022/10/18 16:29:43.984 adsAsynPortDriver:drvUserCreate: Parameter created: "ADSPORT=852/Main.stHwStatusRot.fPhaseOffsetActDeg?" (index 361).
2022/10/18 16:29:43.995 adsAsynPortDriver:drvUserCreate: Parameter created: "ADSPORT=852/Main.fbModePhase.fLatchedPosition?" (index 362).
2022/10/18 16:29:44.008 adsAsynPortDriver:drvUserCreate: Parameter created: "ADSPORT=852/Main.fbModePhase.nClosestSectorId?" (index 363).
2022/10/18 16:29:44.020 adsAsynPortDriver:drvUserCreate: Parameter created: "ADSPORT=852/Main.fbModePhase.nChoosenSector?" (index 364).
2022/10/18 16:29:44.034 adsAsynPortDriver:drvUserCreate: Parameter created: "ADSPORT=852/Main.fbModePhase.iRangeOkCounter?" (index 365).
2022/10/18 16:29:44.047 adsAsynPortDriver:drvUserCreate: Parameter created: "ADSPORT=852/Main.stHwStatusRot.fSetVelRaw?" (index 366).
2022/10/18 16:29:44.059 adsAsynPortDriver:drvUserCreate: Parameter created: "ADSPORT=852/T_DLY_MS=50/TS_MS=50/Main.fbCalcVeloLatch.fLastSectorVelocity?" (index 367).
2022/10/18 16:29:44.072 adsAsynPortDriver:drvUserCreate: Parameter created: "ADSPORT=852/Main.stHwStatusRot.nErrorId?" (index 368).
2022/10/18 16:29:44.092 adsAsynPortDriver:drvUserCreate: Parameter created: "ADSPORT=852/Main.fbModePhase.fPhaseErrorMM?" (index 369).
2022/10/18 16:29:44.104 adsAsynPortDriver:drvUserCreate: Parameter created: "ADSPORT=852/Main.stHwStatusRot.fActVel?" (index 370).
2022/10/18 16:29:44.120 adsAsynPortDriver:drvUserCreate: Parameter created: "ADSPORT=852/Main.stStatus.eActualOperationModeNo?" (index 371).
2022/10/18 16:29:44.131 adsAsynPortDriver:drvUserCreate: Parameter created: "ADSPORT=852/Main.stStatus.fActualPosition?" (index 372).
2022/10/18 16:29:44.144 adsAsynPortDriver:drvUserCreate: Parameter created: "ADSPORT=852/Main.stStatus.fActualVelocity?" (index 373).
2022/10/18 16:29:44.156 adsAsynPortDriver:drvUserCreate: Parameter created: "ADSPORT=852/Main.stStatus.fActualTorque?" (index 374).
2022/10/18 16:29:44.167 adsAsynPortDriver:drvUserCreate: Parameter created: "ADSPORT=852/Main.stStatus.nDiagMessage?" (index 375).
2022/10/18 16:29:44.210 adsAsynPortDriver:drvUserCreate: Parameter created: "ADSPORT=852/Main.fbModeHome.fActPositionOffset?" (index 376).
2022/10/18 16:29:44.223 adsAsynPortDriver:drvUserCreate: Parameter created: "ADSPORT=852/Main.stHwStatusX.fStepperTemp?" (index 377).
2022/10/18 16:29:44.236 adsAsynPortDriver:drvUserCreate: Parameter created: "ADSPORT=852/GVL.astAxes[1].stStatus.fActPosition?" (index 378).
2022/10/18 16:29:44.249 adsAsynPortDriver:drvUserCreate: Parameter created: "ADSPORT=852/GVL.astAxes[1].stStatus.fActVelocity?" (index 379).
2022/10/18 16:29:44.262 adsAsynPortDriver:drvUserCreate: Parameter created: "ADSPORT=852/GVL.astAxes[1].stStatus.nErrorId?" (index 380).
2022/10/18 16:29:44.274 adsAsynPortDriver:drvUserCreate: Parameter created: "ADSPORT=852/Main.fb_s10_EL7201.fPosAct?" (index 381).
2022/10/18 16:29:44.286 adsAsynPortDriver:drvUserCreate: Parameter created: "ADSPORT=852/Main.stHwStatusY.fStepperTemp?" (index 382).
2022/10/18 16:29:44.299 adsAsynPortDriver:drvUserCreate: Parameter created: "ADSPORT=852/GVL.astAxes[2].stStatus.fActPosition?" (index 383).
2022/10/18 16:29:44.312 adsAsynPortDriver:drvUserCreate: Parameter created: "ADSPORT=852/GVL.astAxes[2].stStatus.fActVelocity?" (index 384).
2022/10/18 16:29:44.323 adsAsynPortDriver:drvUserCreate: Parameter created: "ADSPORT=852/GVL.astAxes[2].stStatus.nErrorId?" (index 385).
2022/10/18 16:29:44.336 adsAsynPortDriver:drvUserCreate: Parameter created: "ADSPORT=852/Main.fb_s11_EL7201.fPosAct?" (index 386).
2022/10/18 16:29:44.348 adsAsynPortDriver:drvUserCreate: Parameter created: "ADSPORT=852/Main.stHwStatusZ.fStepperTemp?" (index 387).
2022/10/18 16:29:44.359 adsAsynPortDriver:drvUserCreate: Parameter created: "ADSPORT=852/GVL.astAxes[3].stStatus.fActPosition?" (index 388).
2022/10/18 16:29:44.372 adsAsynPortDriver:drvUserCreate: Parameter created: "ADSPORT=852/GVL.astAxes[3].stStatus.fActVelocity?" (index 389).
2022/10/18 16:29:44.383 adsAsynPortDriver:drvUserCreate: Parameter created: "ADSPORT=852/GVL.astAxes[3].stStatus.nErrorId?" (index 390).
2022/10/18 16:29:44.396 adsAsynPortDriver:drvUserCreate: Parameter created: "ADSPORT=852/Main.fb_s12_EL7201.fPosAct?" (index 391).
2022/10/18 16:29:44.408 adsAsynPortDriver:drvUserCreate: Parameter created: "TIMEBASE=PLC/T_DLY_MS=500/TS_MS=100/ADSPORT=852/Main.fb_s10_EL7201.fPosAct?" (index 392).
2022/10/18 16:29:44.419 adsAsynPortDriver:drvUserCreate: Parameter created: "TIMEBASE=PLC/T_DLY_MS=500/TS_MS=100/ADSPORT=852/Main.fb_s11_EL7201.fPosAct?" (index 393).
2022/10/18 16:29:44.430 adsAsynPortDriver:drvUserCreate: Parameter created: "TIMEBASE=PLC/T_DLY_MS=500/TS_MS=100/ADSPORT=852/Main.fb_s12_EL7201.fPosAct?" (index 394).
2022/10/18 16:29:44.444 adsAsynPortDriver:drvUserCreate: Parameter created: "TIMEBASE=PLC/T_DLY_MS=500/TS_MS=10/ADSPORT=852/Main.fb_s13_EL3214.iAI_1?" (index 395).
2022/10/18 16:29:44.458 adsAsynPortDriver:drvUserCreate: Parameter created: "TIMEBASE=PLC/T_DLY_MS=500/TS_MS=10/ADSPORT=852/Main.fb_s13_EL3214.iAI_2?" (index 396).
2022/10/18 16:29:44.470 adsAsynPortDriver:drvUserCreate: Parameter created: "TIMEBASE=PLC/T_DLY_MS=500/TS_MS=10/ADSPORT=852/Main.fb_s13_EL3214.iAI_3?" (index 397).
2022/10/18 16:29:44.481 adsAsynPortDriver:drvUserCreate: Parameter created: "TIMEBASE=PLC/T_DLY_MS=500/TS_MS=10/ADSPORT=852/Main.fb_s13_EL3214.iAI_4?" (index 398).
iocRun: All initialization complete
2022/10/18 16:29:45.026 adsAsynPortDriver:cyclicThread: Device "Plc30 App" connected (Ams-port 852, Ams router version 3.1.1711).
2022/10/18 16:29:45.026 adsAsynPortDriver:cyclicThread: Ams-port, 852, state change: "UNKOWN ADSSTATE" -> "ADSSTATE_RUN".
ADS_PORT,ADDR=0,TIMEOUT=1,ADSPORT=852,MASTER_ID=0,SLAVE_POS=10,HWTYPE=EL7201,T_SMP_MS=500,TSE=0")
epicsEnvSet("EC_SLAVE_NUM",    "11")
epicsEnvSet("EC_HWTYPE",       "EL7201")
dbLoadTemplate("./db/EL7201.substitutions","P=TARGET_DU:,PORT=TARGET_ADS_PORT,ADDR=0,TIMEOUT=1,ADSPORT=852,MASTER_ID=0,SLAVE_POS=11,HWTYPE=EL7201,T_SMP_MS=500,TSE=0")
epicsEnvSet("EC_SLAVE_NUM",    "12")
epicsEnvSet("EC_HWTYPE",       "EL7201")
dbLoadTemplate("./db/EL7201.substitutions","P=TARGET_DU:,PORT=TARGET_ADS_PORT,ADDR=0,TIMEOUT=1,ADSPORT=852,MASTER_ID=0,SLAVE_POS=12,HWTYPE=EL7201,T_SMP_MS=500,TSE=0")
epicsEnvSet("EC_SLAVE_NUM",    "13")
epicsEnvSet("EC_HWTYPE",       "EL3214")
dbLoadTemplate("./db/EL3214.substitutions","P=TARGET_DU:,PORT=TARGET_ADS_PORT,ADDR=0,TIMEOUT=1,ADSPORT=852,MASTER_ID=0,SLAVE_POS=13,HWTYPE=EL3214,T_SMP_MS=500,TSE=0")
epicsEnvSet("EC_SLAVE_NUM",    "14")
epicsEnvSet("EC_HWTYPE",       "EL5021")
dbLoadTemplate("./db/EL5021.substitutions","P=TARGET_DU:,PORT=TARGET_ADS_PORT,ADDR=0,TIMEOUT=1,ADSPORT=852,MASTER_ID=0,SLAVE_POS=14,HWTYPE=EL5021,T_SMP_MS=500,TSE=0")
epicsEnvSet("EC_SLAVE_NUM",    "15")
epicsEnvSet("EC_HWTYPE",       "EL6695")
dbLoadTemplate("./db/EL6695.substitutions","P=TARGET_DU:,PORT=TARGET_ADS_PORT,ADDR=0,TIMEOUT=1,ADSPORT=852,MASTER_ID=0,SLAVE_POS=15,HWTYPE=EL6695,T_SMP_MS=500,TSE=0")
epicsEnvSet("EC_SLAVE_NUM",    "16")
epicsEnvSet("EC_HWTYPE",       "EL9410")
dbLoadTemplate("./db/EL9410.substitutions","P=TARGET_DU:,PORT=TARGET_ADS_PORT,ADDR=0,TIMEOUT=1,ADSPORT=852,MASTER_ID=0,SLAVE_POS=16,HWTYPE=EL9410,T_SMP_MS=500,TSE=0")
epicsEnvSet("EC_SLAVE_NUM",    "17")
epicsEnvSet("EC_HWTYPE",       "EL2032")
dbLoadTemplate("./db/EL2032.substitutions","P=TARGET_DU:,PORT=TARGET_ADS_PORT,ADDR=0,TIMEOUT=1,ADSPORT=852,MASTER_ID=0,SLAVE_POS=17,HWTYPE=EL2032,T_SMP_MS=500,TSE=0")
epicsEnvSet("EC_SLAVE_NUM",    "18")
epicsEnvSet("EC_HWTYPE",       "EK1110")
dbLoadTemplate("./db/EK1110.substitutions","P=TARGET_DU:,PORT=TARGET_ADS_PORT,ADDR=0,TIMEOUT=1,ADSPORT=852,MASTER_ID=0,SLAVE_POS=18,HWTYPE=EK1110,T_SMP_MS=500,TSE=0")
epicsEnvSet("EC_SLAVE_NUM",    "19")
epicsEnvSet("EC_HWTYPE",       "indraDrive")
dbLoadTemplate("./db/indraDrive.substitutions","P=TARGET_DU:,PORT=TARGET_ADS_PORT,ADDR=0,TIMEOUT=1,ADSPORT=852,MASTER_ID=0,SLAVE_POS=19,HWTYPE=indraDrive,T_SMP_MS=500,TSE=0")
epicsEnvSet("EC_SLAVE_NUM",    "20")
epicsEnvSet("EC_HWTYPE",       "IPOS8020")
dbLoadTemplate("./db/IPOS8020.substitutions","P=TARGET_DU:,PORT=TARGET_ADS_PORT,ADDR=0,TIMEOUT=1,ADSPORT=852,MASTER_ID=0,SLAVE_POS=20,HWTYPE=IPOS8020,T_SMP_MS=500,TSE=0")
epicsEnvSet("EC_SLAVE_NUM",    "21")
epicsEnvSet("EC_HWTYPE",       "IPOS8020")
dbLoadTemplate("./db/IPOS8020.substitutions","P=TARGET_DU:,PORT=TARGET_ADS_PORT,ADDR=0,TIMEOUT=1,ADSPORT=852,MASTER_ID=0,SLAVE_POS=21,HWTYPE=IPOS8020,T_SMP_MS=500,TSE=0")
epicsEnvSet("EC_SLAVE_NUM",    "22")
epicsEnvSet("EC_HWTYPE",       "IPOS8020")
dbLoadTemplate("./db/IPOS8020.substitutions","P=TARGET_DU:,PORT=TARGET_ADS_PORT,ADDR=0,TIMEOUT=1,ADSPORT=852,MASTER_ID=0,SLAVE_POS=22,HWTYPE=IPOS8020,T_SMP_MS=500,TSE=0")
#dbLoadRecords("./db/test.db","P=${PREFIX},PORT=${ADS_ASYN_PORT}")
##############################################################################
############# Usefull commands
#var streamDebug 1
#asynReport(2,"${ADS_ASYN_PORT}")
#asynSetTraceMask("${ADS_ASYN_PORT}", -1, 0xFF)
iocInit()
############################################################################
## EPICS R7.0.6.1-E3-7.0.6.1-patch
## Rev. 2022-03-11T15:27+0100
############################################################################
epicsEnvSet EPICS_DRIVER_PATH /home/anderssandstrom/sources/e3-ads/cellMods//base-7.0.6.1/require-4.0.0:/epics/base-7.0.6.1/require/4.0.0/siteMods
# Set the IOC Prompt String One 
epicsEnvSet IOCSH_PS1 "mcag-tgt-drv-io-30568 > "
#
[?1034hmcag-tgt-drv-io-30568 > 2022/10/18 16:29:45.526 adsAsynPortDriver:adsSymbolsChangedCallback: Symbols changed for Ams-port 852.

mcag-tgt-drv-io-30568 > 
mcag-tgt-drv-io-30568 > 
mcag-tgt-drv-io-30568 > dbl
TARGET_DU:Rotation-EnaCmd
TARGET_DU:Rotation-ExeCmd
TARGET_DU:Rotation-RstCmd
TARGET_DU:Rotation-AllowMotionCmd
TARGET_DU:Rotation-Drv-Cmd-Ena
TARGET_DU:Rotation-Drv-Cmd-Halt
TARGET_DU:Rotation-Drv-Cmd-PosChg
TARGET_DU:Rotation-Drv-Cmd-PosValType
TARGET_DU:Rotation-Drv-Cmd-Exe
TARGET_DU:Rotation-Drv-Cmd-ErrRst
TARGET_DU:Rotation-Drv-Cmd-SetAbsPos
TARGET_DU:Rotation-Drv-Cmd-ExeHome
TARGET_DU:Rotation-Drv-Cmd-DisableLim
TARGET_DU:Rotation-Drv-Cmd-EnterParamMode
TARGET_DU:Rotation-Drv-Cmd-ExitParamMode
TARGET_DU:Rotation-Drv-Cmd-RunVirtMaster
TARGET_DU:X-BrakeReleseCmd
TARGET_DU:X-AllowMotionCmd
TARGET_DU:X-ExePosCmd
TARGET_DU:X-ExeVelCmd
TARGET_DU:X-ExeHomeCmd
TARGET_DU:X-ExeStopCmd
TARGET_DU:X-ExeResetCmd
TARGET_DU:X-EnaCmd
TARGET_DU:X-ConstVeloDirFwd
TARGET_DU:Y-BrakeReleseCmd
TARGET_DU:Y-AllowMotionCmd
TARGET_DU:Y-ExePosCmd
TARGET_DU:Y-ExeVelCmd
TARGET_DU:Y-ExeHomeCmd
TARGET_DU:Y-ExeStopCmd
TARGET_DU:Y-ExeResetCmd
TARGET_DU:Y-EnaCmd
TARGET_DU:Y-ConstVeloDirFwd
TARGET_DU:Z-BrakeReleseCmd
TARGET_DU:Z-AllowMotionCmd
TARGET_DU:Z-ExePosCmd
TARGET_DU:Z-ExeVelCmd
TARGET_DU:Z-ExeHomeCmd
TARGET_DU:Z-ExeStopCmd
TARGET_DU:Z-ExeResetCmd
TARGET_DU:Z-EnaCmd
TARGET_DU:Z-ConstVeloDirFwd
TARGET_DU:Rotation-StateAct
TARGET_DU:Rotation-Home-State
TARGET_DU:Rotation-StateCmd
TARGET_DU:Rotation-StatePhaseCtrlTypeCmd
TARGET_DU:Rotation-StatePhasePWMTypeCmd
TARGET_DU:Rotation-MaxMotorTempCmd
TARGET_DU:Rotation-PhaseOffetMMCmd
TARGET_DU:Rotation-VelSetCmd
TARGET_DU:Rotation-PosCmd
TARGET_DU:Rotation-Drv-Cmd-OpMode
TARGET_DU:Rotation-Drv-Cmd-Pos
TARGET_DU:Rotation-Drv-Cmd-Vel
TARGET_DU:Rotation-Drv-CmdAcc
TARGET_DU:Rotation-Drv-CmdDec
TARGET_DU:Rotation-Drv-Cmd-Override
TARGET_DU:Rotation-Drv-Cmd-TorqueLim
TARGET_DU:Rotation-Drv-Cmd-VelPos
TARGET_DU:X-PosCmd
TARGET_DU:Y-PosCmd
TARGET_DU:Z-PosCmd
TARGET_DU:ec0-s2-EL1809-Stat_
TARGET_DU:ec0-s3-EL1809-Stat_
TARGET_DU:ec0-s4-EL2819-Stat_
TARGET_DU:ec0-s4-EL2819-BO1-Stat_
TARGET_DU:ec0-s4-EL2819-BO2-Stat_
TARGET_DU:ec0-s4-EL2819-BO3-Stat_
TARGET_DU:ec0-s4-EL2819-BO4-Stat_
TARGET_DU:ec0-s4-EL2819-BO5-Stat_
TARGET_DU:ec0-s4-EL2819-BO6-Stat_
TARGET_DU:ec0-s4-EL2819-BO7-Stat_
TARGET_DU:ec0-s4-EL2819-BO8-Stat_
TARGET_DU:ec0-s4-EL2819-BO9-Stat_
TARGET_DU:ec0-s4-EL2819-BO10-Stat_
TARGET_DU:ec0-s4-EL2819-BO11-Stat_
TARGET_DU:ec0-s4-EL2819-BO12-Stat_
TARGET_DU:ec0-s4-EL2819-BO13-Stat_
TARGET_DU:ec0-s4-EL2819-BO14-Stat_
TARGET_DU:ec0-s4-EL2819-BO15-Stat_
TARGET_DU:ec0-s4-EL2819-BO16-Stat_
TARGET_DU:ec0-s5-EL2819-Stat_
TARGET_DU:ec0-s5-EL2819-BO1-Stat_
TARGET_DU:ec0-s5-EL2819-BO2-Stat_
TARGET_DU:ec0-s5-EL2819-BO3-Stat_
TARGET_DU:ec0-s5-EL2819-BO4-Stat_
TARGET_DU:ec0-s5-EL2819-BO5-Stat_
TARGET_DU:ec0-s5-EL2819-BO6-Stat_
TARGET_DU:ec0-s5-EL2819-BO7-Stat_
TARGET_DU:ec0-s5-EL2819-BO8-Stat_
TARGET_DU:ec0-s5-EL2819-BO9-Stat_
TARGET_DU:ec0-s5-EL2819-BO10-Stat_
TARGET_DU:ec0-s5-EL2819-BO11-Stat_
TARGET_DU:ec0-s5-EL2819-BO12-Stat_
TARGET_DU:ec0-s5-EL2819-BO13-Stat_
TARGET_DU:ec0-s5-EL2819-BO14-Stat_
TARGET_DU:ec0-s5-EL2819-BO15-Stat_
TARGET_DU:ec0-s5-EL2819-BO16-Stat_
TARGET_DU:ec0-s6-EL9505-Stat_
TARGET_DU:ec0-s7-EL1252-Stat_
TARGET_DU:ec0-s8-EL9410-Stat_
TARGET_DU:ec0-s9-EL1252-Stat_
TARGET_DU:ec0-s10-EL7201-Stat_
TARGET_DU:ec0-s11-EL7201-Stat_
TARGET_DU:ec0-s12-EL7201-Stat_
TARGET_DU:ec0-s13-EL3214-Stat_
TARGET_DU:ec0-s14-EL5021-Stat_
TARGET_DU:ec0-s15-EL6695-Stat_
TARGET_DU:ec0-s16-EL9410-Stat_
TARGET_DU:ec0-s17-EL2032-Stat_
TARGET_DU:ec0-s18-EK1110-Stat_
TARGET_DU:ec0-s19-indraDrive-Stat_
TARGET_DU:ec0-s20-IPOS8020-Stat_
TARGET_DU:ec0-s21-IPOS8020-Stat_
TARGET_DU:ec0-s22-IPOS8020-Stat_
REQMOD:mcag-tgt-drv-io-30568:MODULES
REQMOD:mcag-tgt-drv-io-30568:VERSIONS
REQMOD:mcag-tgt-drv-io-30568:MOD_VER
TARGET_DU:Rotation-ErrStr
TARGET_DU:Rotation-Home-IndexLatchBuffer
TARGET_DU:ec0-s2-EL1809-ErrMsg
TARGET_DU:ec0-s3-EL1809-ErrMsg
TARGET_DU:ec0-s4-EL2819-ErrMsg
TARGET_DU:ec0-s5-EL2819-ErrMsg
TARGET_DU:ec0-s6-EL9505-ErrMsg
TARGET_DU:ec0-s7-EL1252-ErrMsg
TARGET_DU:ec0-s8-EL9410-ErrMsg
TARGET_DU:ec0-s9-EL1252-ErrMsg
TARGET_DU:ec0-s10-EL7201-ErrMsg
TARGET_DU:ec0-s11-EL7201-ErrMsg
TARGET_DU:ec0-s12-EL7201-ErrMsg
TARGET_DU:ec0-s13-EL3214-ErrMsg
TARGET_DU:ec0-s14-EL5021-ErrMsg
TARGET_DU:ec0-s15-EL6695-ErrMsg
TARGET_DU:ec0-s16-EL9410-ErrMsg
TARGET_DU:ec0-s17-EL2032-ErrMsg
TARGET_DU:ec0-s18-EK1110-ErrMsg
TARGET_DU:ec0-s19-indraDrive-ErrMsg
TARGET_DU:ec0-s20-IPOS8020-ErrMsg
TARGET_DU:ec0-s21-IPOS8020-ErrMsg
TARGET_DU:ec0-s22-IPOS8020-ErrMsg
TARGET_DU:ec0-s2-EL1809-Stat
TARGET_DU:ec0-s2-EL1809-TerminalID
TARGET_DU:ec0-s3-EL1809-Stat
TARGET_DU:ec0-s3-EL1809-TerminalID
TARGET_DU:ec0-s4-EL2819-Stat
TARGET_DU:ec0-s4-EL2819-TerminalID
TARGET_DU:ec0-s4-EL2819-BO1-Stat
TARGET_DU:ec0-s4-EL2819-BO2-Stat
TARGET_DU:ec0-s4-EL2819-BO3-Stat
TARGET_DU:ec0-s4-EL2819-BO4-Stat
TARGET_DU:ec0-s4-EL2819-BO5-Stat
TARGET_DU:ec0-s4-EL2819-BO6-Stat
TARGET_DU:ec0-s4-EL2819-BO7-Stat
TARGET_DU:ec0-s4-EL2819-BO8-Stat
TARGET_DU:ec0-s4-EL2819-BO9-Stat
TARGET_DU:ec0-s4-EL2819-BO10-Stat
TARGET_DU:ec0-s4-EL2819-BO11-Stat
TARGET_DU:ec0-s4-EL2819-BO12-Stat
TARGET_DU:ec0-s4-EL2819-BO13-Stat
TARGET_DU:ec0-s4-EL2819-BO14-Stat
TARGET_DU:ec0-s4-EL2819-BO15-Stat
TARGET_DU:ec0-s4-EL2819-BO16-Stat
TARGET_DU:ec0-s5-EL2819-Stat
TARGET_DU:ec0-s5-EL2819-TerminalID
TARGET_DU:ec0-s5-EL2819-BO1-Stat
TARGET_DU:ec0-s5-EL2819-BO2-Stat
TARGET_DU:ec0-s5-EL2819-BO3-Stat
TARGET_DU:ec0-s5-EL2819-BO4-Stat
TARGET_DU:ec0-s5-EL2819-BO5-Stat
TARGET_DU:ec0-s5-EL2819-BO6-Stat
TARGET_DU:ec0-s5-EL2819-BO7-Stat
TARGET_DU:ec0-s5-EL2819-BO8-Stat
TARGET_DU:ec0-s5-EL2819-BO9-Stat
TARGET_DU:ec0-s5-EL2819-BO10-Stat
TARGET_DU:ec0-s5-EL2819-BO11-Stat
TARGET_DU:ec0-s5-EL2819-BO12-Stat
TARGET_DU:ec0-s5-EL2819-BO13-Stat
TARGET_DU:ec0-s5-EL2819-BO14-Stat
TARGET_DU:ec0-s5-EL2819-BO15-Stat
TARGET_DU:ec0-s5-EL2819-BO16-Stat
TARGET_DU:ec0-s6-EL9505-Stat
TARGET_DU:ec0-s6-EL9505-TerminalID
TARGET_DU:ec0-s7-EL1252-Stat
TARGET_DU:ec0-s7-EL1252-TerminalID
TARGET_DU:ec0-s8-EL9410-Stat
TARGET_DU:ec0-s8-EL9410-TerminalID
TARGET_DU:ec0-s9-EL1252-Stat
TARGET_DU:ec0-s9-EL1252-TerminalID
TARGET_DU:ec0-s10-EL7201-Stat
TARGET_DU:ec0-s10-EL7201-TerminalID
TARGET_DU:ec0-s11-EL7201-Stat
TARGET_DU:ec0-s11-EL7201-TerminalID
TARGET_DU:ec0-s12-EL7201-Stat
TARGET_DU:ec0-s12-EL7201-TerminalID
TARGET_DU:ec0-s13-EL3214-Stat
TARGET_DU:ec0-s13-EL3214-TerminalID
TARGET_DU:ec0-s13-EL3214-AI1-Stat
TARGET_DU:ec0-s13-EL3214-AI2-Stat
TARGET_DU:ec0-s13-EL3214-AI3-Stat
TARGET_DU:ec0-s13-EL3214-AI4-Stat
TARGET_DU:ec0-s14-EL5021-Stat
TARGET_DU:ec0-s14-EL5021-TerminalID
TARGET_DU:ec0-s15-EL6695-Stat
TARGET_DU:ec0-s15-EL6695-TerminalID
TARGET_DU:ec0-s16-EL9410-Stat
TARGET_DU:ec0-s16-EL9410-TerminalID
TARGET_DU:ec0-s17-EL2032-Stat
TARGET_DU:ec0-s17-EL2032-TerminalID
TARGET_DU:ec0-s18-EK1110-Stat
TARGET_DU:ec0-s18-EK1110-TerminalID
TARGET_DU:ec0-s19-indraDrive-Stat
TARGET_DU:ec0-s19-indraDrive-TerminalID
TARGET_DU:ec0-s20-IPOS8020-Stat
TARGET_DU:ec0-s20-IPOS8020-TerminalID
TARGET_DU:ec0-s21-IPOS8020-Stat
TARGET_DU:ec0-s21-IPOS8020-TerminalID
TARGET_DU:ec0-s22-IPOS8020-Stat
TARGET_DU:ec0-s22-IPOS8020-TerminalID
TARGET_DU:Rotation-EnaCmd-RB
TARGET_DU:Rotation-EnaAct
TARGET_DU:Rotation-PhasingAct
TARGET_DU:Rotation-VelStableAct
TARGET_DU:Rotation-Err
TARGET_DU:Rotation-ManualILOverride
TARGET_DU:Rotation-HwOK
TARGET_DU:Rotation-GeneralILOK
TARGET_DU:Rotation-SumILOK
TARGET_DU:Rotation-EstopOK
TARGET_DU:Rotation-PhaseOK
TARGET_DU:Rotation-Drv-Stat-InParamMode
TARGET_DU:Rotation-Drv-Stat-DCbusOK
TARGET_DU:Rotation-Drv-Stat-Ena
TARGET_DU:Rotation-Drv-Stat-EncHomed
TARGET_DU:Rotation-Drv-Stat-Standstill
TARGET_DU:Rotation-Drv-Stat-InTargetPos
TARGET_DU:Rotation-Drv-Stat-ConstVelo
TARGET_DU:Rotation-Drv-Stat-Acc
TARGET_DU:Rotation-Drv-Stat-Dec
TARGET_DU:Rotation-Drv-Stat-Jog
TARGET_DU:Rotation-Drv-Stat-CmdChg
TARGET_DU:Rotation-Drv-Stat-CmdProc
TARGET_DU:Rotation-Drv-Stat-Lim
TARGET_DU:Rotation-Drv-Stat-Diag
TARGET_DU:Rotation-Drv-Stat-Wrn
TARGET_DU:Rotation-Drv-Stat-Err
TARGET_DU:Rotation-Drv-Stat-STOActiveCh1
TARGET_DU:Rotation-Drv-Stat-STOActiveCh2
TARGET_DU:Rotation-Drv-Cmd-Ena-RB
TARGET_DU:Rotation-Drv-Cmd-Halt-RB
TARGET_DU:Rotation-Drv-Cmd-PosChg-RB
TARGET_DU:Rotation-Drv-Cmd-PosValType-RB
TARGET_DU:Rotation-Drv-Cmd-Exe-RB
TARGET_DU:Rotation-Drv-Cmd-ErrRst-RB
TARGET_DU:Rotation-Drv-Cmd-SetAbsPos-RB
TARGET_DU:Rotation-Drv-Cmd-ExeHome-RB
TARGET_DU:Rotation-Drv-Cmd-DisableLim-RB
TARGET_DU:Rotation-Drv-Cmd-EnterParamMode-RB
TARGET_DU:Rotation-Drv-Cmd-ExitParamMode-RB
TARGET_DU:Rotation-Drv-Cmd-RunVirtMaster-RB
TARGET_DU:Rotation-Home-Homed
TARGET_DU:Dev-BeamOff
TARGET_DU:X-EstopOK
TARGET_DU:X-LimitMax
TARGET_DU:X-LimitMin
TARGET_DU:X-LimitMaxMax
TARGET_DU:X-LimitMinMin
TARGET_DU:X-BrakeReleased
TARGET_DU:X-SumFwdILOK
TARGET_DU:X-SumBwdILOK
TARGET_DU:X-ManualILOverride
TARGET_DU:X-LimitMinPark
TARGET_DU:X-LimitMinMinPark
TARGET_DU:X-ParkRangeEnaAct
TARGET_DU:X-HwOK
TARGET_DU:X-GeneralAndOverrideILOK
TARGET_DU:X-GeneralILOK
TARGET_DU:X-Homed
TARGET_DU:X-HomingCmdActive
TARGET_DU:X-EnaAct
TARGET_DU:X-Busy
TARGET_DU:X-PosLoLoAlm
TARGET_DU:X-PosLoAlm
TARGET_DU:X-PosHiHiAlm
TARGET_DU:X-PosHiAlm
TARGET_DU:X-SumILFwd
TARGET_DU:X-SumILBwd
TARGET_DU:Y-EstopOK
TARGET_DU:Y-LimitMax
TARGET_DU:Y-LimitMin
TARGET_DU:Y-LimitMaxMax
TARGET_DU:Y-LimitMinMin
TARGET_DU:Y-BrakeReleased
TARGET_DU:Y-SumFwdILOK
TARGET_DU:Y-SumBwdILOK
TARGET_DU:Y-ManualILOverride
TARGET_DU:Y-LimitMinPark
TARGET_DU:Y-LimitMinMinPark
TARGET_DU:Y-ParkRangeEnaAct
TARGET_DU:Y-HwOK
TARGET_DU:Y-GeneralAndOverrideILOK
TARGET_DU:Y-GeneralILOK
TARGET_DU:Y-Homed
TARGET_DU:Y-HomingCmdActive
TARGET_DU:Y-EnaAct
TARGET_DU:Y-Busy
TARGET_DU:Y-PosLoLoAlm
TARGET_DU:Y-PosLoAlm
TARGET_DU:Y-PosHiHiAlm
TARGET_DU:Y-PosHiAlm
TARGET_DU:Y-SumILFwd
TARGET_DU:Y-SumILBwd
TARGET_DU:Z-EstopOK
TARGET_DU:Z-LimitMax
TARGET_DU:Z-LimitMin
TARGET_DU:Z-LimitMaxMax
TARGET_DU:Z-LimitMinMin
TARGET_DU:Z-BrakeReleased
TARGET_DU:Z-SumFwdILOK
TARGET_DU:Z-SumBwdILOK
TARGET_DU:Z-ManualILOverride
TARGET_DU:Z-LimitMinPark
TARGET_DU:Z-LimitMinMinPark
TARGET_DU:Z-ParkRangeEnaAct
TARGET_DU:Z-HwOK
TARGET_DU:Z-GeneralAndOverrideILOK
TARGET_DU:Z-GeneralILOK
TARGET_DU:Z-Homed
TARGET_DU:Z-HomingCmdActive
TARGET_DU:Z-EnaAct
TARGET_DU:Z-Busy
TARGET_DU:Z-PosLoLoAlm
TARGET_DU:Z-PosLoAlm
TARGET_DU:Z-PosHiHiAlm
TARGET_DU:Z-PosHiAlm
TARGET_DU:Z-SumILFwd
TARGET_DU:Z-SumILBwd
TARGET_DU:ec0-s2-EL1809-alstate-init
TARGET_DU:ec0-s2-EL1809-alstate-preop
TARGET_DU:ec0-s2-EL1809-alstate-safeop
TARGET_DU:ec0-s2-EL1809-alstate-op
TARGET_DU:ec0-s2-EL1809-data-valid
TARGET_DU:ec0-s2-EL1809-Err
TARGET_DU:ec0-s2-EL1809-BI1
TARGET_DU:ec0-s2-EL1809-BI2
TARGET_DU:ec0-s2-EL1809-BI3
TARGET_DU:ec0-s2-EL1809-BI4
TARGET_DU:ec0-s2-EL1809-BI5
TARGET_DU:ec0-s2-EL1809-BI6
TARGET_DU:ec0-s2-EL1809-BI7
TARGET_DU:ec0-s2-EL1809-BI8
TARGET_DU:ec0-s2-EL1809-BI9
TARGET_DU:ec0-s2-EL1809-BI10
TARGET_DU:ec0-s2-EL1809-BI11
TARGET_DU:ec0-s2-EL1809-BI12
TARGET_DU:ec0-s2-EL1809-BI13
TARGET_DU:ec0-s2-EL1809-BI14
TARGET_DU:ec0-s2-EL1809-BI15
TARGET_DU:ec0-s2-EL1809-BI16
TARGET_DU:ec0-s3-EL1809-alstate-init
TARGET_DU:ec0-s3-EL1809-alstate-preop
TARGET_DU:ec0-s3-EL1809-alstate-safeop
TARGET_DU:ec0-s3-EL1809-alstate-op
TARGET_DU:ec0-s3-EL1809-data-valid
TARGET_DU:ec0-s3-EL1809-Err
TARGET_DU:ec0-s3-EL1809-BI1
TARGET_DU:ec0-s3-EL1809-BI2
TARGET_DU:ec0-s3-EL1809-BI3
TARGET_DU:ec0-s3-EL1809-BI4
TARGET_DU:ec0-s3-EL1809-BI5
TARGET_DU:ec0-s3-EL1809-BI6
TARGET_DU:ec0-s3-EL1809-BI7
TARGET_DU:ec0-s3-EL1809-BI8
TARGET_DU:ec0-s3-EL1809-BI9
TARGET_DU:ec0-s3-EL1809-BI10
TARGET_DU:ec0-s3-EL1809-BI11
TARGET_DU:ec0-s3-EL1809-BI12
TARGET_DU:ec0-s3-EL1809-BI13
TARGET_DU:ec0-s3-EL1809-BI14
TARGET_DU:ec0-s3-EL1809-BI15
TARGET_DU:ec0-s3-EL1809-BI16
TARGET_DU:ec0-s4-EL2819-alstate-init
TARGET_DU:ec0-s4-EL2819-alstate-preop
TARGET_DU:ec0-s4-EL2819-alstate-safeop
TARGET_DU:ec0-s4-EL2819-alstate-op
TARGET_DU:ec0-s4-EL2819-data-valid
TARGET_DU:ec0-s4-EL2819-Err
TARGET_DU:ec0-s4-EL2819-BO1-OvrTmp-Alrm
TARGET_DU:ec0-s4-EL2819-BO1-OpnLoad-Alrm
TARGET_DU:ec0-s4-EL2819-BO1-OvrCurr-Alrm
TARGET_DU:ec0-s4-EL2819-BO1-ShrtCirc-Alrm
TARGET_DU:ec0-s4-EL2819-BO2-OvrTmp-Alrm
TARGET_DU:ec0-s4-EL2819-BO2-OpnLoad-Alrm
TARGET_DU:ec0-s4-EL2819-BO2-OvrCurr-Alrm
TARGET_DU:ec0-s4-EL2819-BO2-ShrtCirc-Alrm
TARGET_DU:ec0-s4-EL2819-BO3-OvrTmp-Alrm
TARGET_DU:ec0-s4-EL2819-BO3-OpnLoad-Alrm
TARGET_DU:ec0-s4-EL2819-BO3-OvrCurr-Alrm
TARGET_DU:ec0-s4-EL2819-BO3-ShrtCirc-Alrm
TARGET_DU:ec0-s4-EL2819-BO4-OvrTmp-Alrm
TARGET_DU:ec0-s4-EL2819-BO4-OpnLoad-Alrm
TARGET_DU:ec0-s4-EL2819-BO4-OvrCurr-Alrm
TARGET_DU:ec0-s4-EL2819-BO4-ShrtCirc-Alrm
TARGET_DU:ec0-s4-EL2819-BO5-OvrTmp-Alrm
TARGET_DU:ec0-s4-EL2819-BO5-OpnLoad-Alrm
TARGET_DU:ec0-s4-EL2819-BO5-OvrCurr-Alrm
TARGET_DU:ec0-s4-EL2819-BO5-ShrtCirc-Alrm
TARGET_DU:ec0-s4-EL2819-BO6-OvrTmp-Alrm
TARGET_DU:ec0-s4-EL2819-BO6-OpnLoad-Alrm
TARGET_DU:ec0-s4-EL2819-BO6-OvrCurr-Alrm
TARGET_DU:ec0-s4-EL2819-BO6-ShrtCirc-Alrm
TARGET_DU:ec0-s4-EL2819-BO7-OvrTmp-Alrm
TARGET_DU:ec0-s4-EL2819-BO7-OpnLoad-Alrm
TARGET_DU:ec0-s4-EL2819-BO7-OvrCurr-Alrm
TARGET_DU:ec0-s4-EL2819-BO7-ShrtCirc-Alrm
TARGET_DU:ec0-s4-EL2819-BO8-OvrTmp-Alrm
TARGET_DU:ec0-s4-EL2819-BO8-OpnLoad-Alrm
TARGET_DU:ec0-s4-EL2819-BO8-OvrCurr-Alrm
TARGET_DU:ec0-s4-EL2819-BO8-ShrtCirc-Alrm
TARGET_DU:ec0-s4-EL2819-BO9-OvrTmp-Alrm
TARGET_DU:ec0-s4-EL2819-BO9-OpnLoad-Alrm
TARGET_DU:ec0-s4-EL2819-BO9-OvrCurr-Alrm
TARGET_DU:ec0-s4-EL2819-BO9-ShrtCirc-Alrm
TARGET_DU:ec0-s4-EL2819-BO10-OvrTmp-Alrm
TARGET_DU:ec0-s4-EL2819-BO10-OpnLoad-Alrm
TARGET_DU:ec0-s4-EL2819-BO10-OvrCurr-Alrm
TARGET_DU:ec0-s4-EL2819-BO10-ShrtCirc-Alrm
TARGET_DU:ec0-s4-EL2819-BO11-OvrTmp-Alrm
TARGET_DU:ec0-s4-EL2819-BO11-OpnLoad-Alrm
TARGET_DU:ec0-s4-EL2819-BO11-OvrCurr-Alrm
TARGET_DU:ec0-s4-EL2819-BO11-ShrtCirc-Alrm
TARGET_DU:ec0-s4-EL2819-BO12-OvrTmp-Alrm
TARGET_DU:ec0-s4-EL2819-BO12-OpnLoad-Alrm
TARGET_DU:ec0-s4-EL2819-BO12-OvrCurr-Alrm
TARGET_DU:ec0-s4-EL2819-BO12-ShrtCirc-Alrm
TARGET_DU:ec0-s4-EL2819-BO13-OvrTmp-Alrm
TARGET_DU:ec0-s4-EL2819-BO13-OpnLoad-Alrm
TARGET_DU:ec0-s4-EL2819-BO13-OvrCurr-Alrm
TARGET_DU:ec0-s4-EL2819-BO13-ShrtCirc-Alrm
TARGET_DU:ec0-s4-EL2819-BO14-OvrTmp-Alrm
TARGET_DU:ec0-s4-EL2819-BO14-OpnLoad-Alrm
TARGET_DU:ec0-s4-EL2819-BO14-OvrCurr-Alrm
TARGET_DU:ec0-s4-EL2819-BO14-ShrtCirc-Alrm
TARGET_DU:ec0-s4-EL2819-BO15-OvrTmp-Alrm
TARGET_DU:ec0-s4-EL2819-BO15-OpnLoad-Alrm
TARGET_DU:ec0-s4-EL2819-BO15-OvrCurr-Alrm
TARGET_DU:ec0-s4-EL2819-BO15-ShrtCirc-Alrm
TARGET_DU:ec0-s4-EL2819-BO16-OvrTmp-Alrm
TARGET_DU:ec0-s4-EL2819-BO16-OpnLoad-Alrm
TARGET_DU:ec0-s4-EL2819-BO16-OvrCurr-Alrm
TARGET_DU:ec0-s4-EL2819-BO16-ShrtCirc-Alrm
TARGET_DU:ec0-s5-EL2819-alstate-init
TARGET_DU:ec0-s5-EL2819-alstate-preop
TARGET_DU:ec0-s5-EL2819-alstate-safeop
TARGET_DU:ec0-s5-EL2819-alstate-op
TARGET_DU:ec0-s5-EL2819-data-valid
TARGET_DU:ec0-s5-EL2819-Err
TARGET_DU:ec0-s5-EL2819-BO1-OvrTmp-Alrm
TARGET_DU:ec0-s5-EL2819-BO1-OpnLoad-Alrm
TARGET_DU:ec0-s5-EL2819-BO1-OvrCurr-Alrm
TARGET_DU:ec0-s5-EL2819-BO1-ShrtCirc-Alrm
TARGET_DU:ec0-s5-EL2819-BO2-OvrTmp-Alrm
TARGET_DU:ec0-s5-EL2819-BO2-OpnLoad-Alrm
TARGET_DU:ec0-s5-EL2819-BO2-OvrCurr-Alrm
TARGET_DU:ec0-s5-EL2819-BO2-ShrtCirc-Alrm
TARGET_DU:ec0-s5-EL2819-BO3-OvrTmp-Alrm
TARGET_DU:ec0-s5-EL2819-BO3-OpnLoad-Alrm
TARGET_DU:ec0-s5-EL2819-BO3-OvrCurr-Alrm
TARGET_DU:ec0-s5-EL2819-BO3-ShrtCirc-Alrm
TARGET_DU:ec0-s5-EL2819-BO4-OvrTmp-Alrm
TARGET_DU:ec0-s5-EL2819-BO4-OpnLoad-Alrm
TARGET_DU:ec0-s5-EL2819-BO4-OvrCurr-Alrm
TARGET_DU:ec0-s5-EL2819-BO4-ShrtCirc-Alrm
TARGET_DU:ec0-s5-EL2819-BO5-OvrTmp-Alrm
TARGET_DU:ec0-s5-EL2819-BO5-OpnLoad-Alrm
TARGET_DU:ec0-s5-EL2819-BO5-OvrCurr-Alrm
TARGET_DU:ec0-s5-EL2819-BO5-ShrtCirc-Alrm
TARGET_DU:ec0-s5-EL2819-BO6-OvrTmp-Alrm
TARGET_DU:ec0-s5-EL2819-BO6-OpnLoad-Alrm
TARGET_DU:ec0-s5-EL2819-BO6-OvrCurr-Alrm
TARGET_DU:ec0-s5-EL2819-BO6-ShrtCirc-Alrm
TARGET_DU:ec0-s5-EL2819-BO7-OvrTmp-Alrm
TARGET_DU:ec0-s5-EL2819-BO7-OpnLoad-Alrm
TARGET_DU:ec0-s5-EL2819-BO7-OvrCurr-Alrm
TARGET_DU:ec0-s5-EL2819-BO7-ShrtCirc-Alrm
TARGET_DU:ec0-s5-EL2819-BO8-OvrTmp-Alrm
TARGET_DU:ec0-s5-EL2819-BO8-OpnLoad-Alrm
TARGET_DU:ec0-s5-EL2819-BO8-OvrCurr-Alrm
TARGET_DU:ec0-s5-EL2819-BO8-ShrtCirc-Alrm
TARGET_DU:ec0-s5-EL2819-BO9-OvrTmp-Alrm
TARGET_DU:ec0-s5-EL2819-BO9-OpnLoad-Alrm
TARGET_DU:ec0-s5-EL2819-BO9-OvrCurr-Alrm
TARGET_DU:ec0-s5-EL2819-BO9-ShrtCirc-Alrm
TARGET_DU:ec0-s5-EL2819-BO10-OvrTmp-Alrm
TARGET_DU:ec0-s5-EL2819-BO10-OpnLoad-Alrm
TARGET_DU:ec0-s5-EL2819-BO10-OvrCurr-Alrm
TARGET_DU:ec0-s5-EL2819-BO10-ShrtCirc-Alrm
TARGET_DU:ec0-s5-EL2819-BO11-OvrTmp-Alrm
TARGET_DU:ec0-s5-EL2819-BO11-OpnLoad-Alrm
TARGET_DU:ec0-s5-EL2819-BO11-OvrCurr-Alrm
TARGET_DU:ec0-s5-EL2819-BO11-ShrtCirc-Alrm
TARGET_DU:ec0-s5-EL2819-BO12-OvrTmp-Alrm
TARGET_DU:ec0-s5-EL2819-BO12-OpnLoad-Alrm
TARGET_DU:ec0-s5-EL2819-BO12-OvrCurr-Alrm
TARGET_DU:ec0-s5-EL2819-BO12-ShrtCirc-Alrm
TARGET_DU:ec0-s5-EL2819-BO13-OvrTmp-Alrm
TARGET_DU:ec0-s5-EL2819-BO13-OpnLoad-Alrm
TARGET_DU:ec0-s5-EL2819-BO13-OvrCurr-Alrm
TARGET_DU:ec0-s5-EL2819-BO13-ShrtCirc-Alrm
TARGET_DU:ec0-s5-EL2819-BO14-OvrTmp-Alrm
TARGET_DU:ec0-s5-EL2819-BO14-OpnLoad-Alrm
TARGET_DU:ec0-s5-EL2819-BO14-OvrCurr-Alrm
TARGET_DU:ec0-s5-EL2819-BO14-ShrtCirc-Alrm
TARGET_DU:ec0-s5-EL2819-BO15-OvrTmp-Alrm
TARGET_DU:ec0-s5-EL2819-BO15-OpnLoad-Alrm
TARGET_DU:ec0-s5-EL2819-BO15-OvrCurr-Alrm
TARGET_DU:ec0-s5-EL2819-BO15-ShrtCirc-Alrm
TARGET_DU:ec0-s5-EL2819-BO16-OvrTmp-Alrm
TARGET_DU:ec0-s5-EL2819-BO16-OpnLoad-Alrm
TARGET_DU:ec0-s5-EL2819-BO16-OvrCurr-Alrm
TARGET_DU:ec0-s5-EL2819-BO16-ShrtCirc-Alrm
TARGET_DU:ec0-s6-EL9505-alstate-init
TARGET_DU:ec0-s6-EL9505-alstate-preop
TARGET_DU:ec0-s6-EL9505-alstate-safeop
TARGET_DU:ec0-s6-EL9505-alstate-op
TARGET_DU:ec0-s6-EL9505-data-valid
TARGET_DU:ec0-s6-EL9505-Err
TARGET_DU:ec0-s6-EL9505-Pwr-Ok
TARGET_DU:ec0-s6-EL9505-OverLoad
TARGET_DU:ec0-s7-EL1252-alstate-init
TARGET_DU:ec0-s7-EL1252-alstate-preop
TARGET_DU:ec0-s7-EL1252-alstate-safeop
TARGET_DU:ec0-s7-EL1252-alstate-op
TARGET_DU:ec0-s7-EL1252-data-valid
TARGET_DU:ec0-s7-EL1252-Err
TARGET_DU:ec0-s7-EL1252-BI1
TARGET_DU:ec0-s7-EL1252-BI2
TARGET_DU:ec0-s8-EL9410-alstate-init
TARGET_DU:ec0-s8-EL9410-alstate-preop
TARGET_DU:ec0-s8-EL9410-alstate-safeop
TARGET_DU:ec0-s8-EL9410-alstate-op
TARGET_DU:ec0-s8-EL9410-data-valid
TARGET_DU:ec0-s8-EL9410-Err
TARGET_DU:ec0-s8-EL9410-Us-UnderVolt
TARGET_DU:ec0-s8-EL9410-Up-UnderVolt
TARGET_DU:ec0-s9-EL1252-alstate-init
TARGET_DU:ec0-s9-EL1252-alstate-preop
TARGET_DU:ec0-s9-EL1252-alstate-safeop
TARGET_DU:ec0-s9-EL1252-alstate-op
TARGET_DU:ec0-s9-EL1252-data-valid
TARGET_DU:ec0-s9-EL1252-Err
TARGET_DU:ec0-s9-EL1252-BI1
TARGET_DU:ec0-s9-EL1252-BI2
TARGET_DU:ec0-s10-EL7201-alstate-init
TARGET_DU:ec0-s10-EL7201-alstate-preop
TARGET_DU:ec0-s10-EL7201-alstate-safeop
TARGET_DU:ec0-s10-EL7201-alstate-op
TARGET_DU:ec0-s10-EL7201-data-valid
TARGET_DU:ec0-s10-EL7201-Err
TARGET_DU:ec0-s11-EL7201-alstate-init
TARGET_DU:ec0-s11-EL7201-alstate-preop
TARGET_DU:ec0-s11-EL7201-alstate-safeop
TARGET_DU:ec0-s11-EL7201-alstate-op
TARGET_DU:ec0-s11-EL7201-data-valid
TARGET_DU:ec0-s11-EL7201-Err
TARGET_DU:ec0-s12-EL7201-alstate-init
TARGET_DU:ec0-s12-EL7201-alstate-preop
TARGET_DU:ec0-s12-EL7201-alstate-safeop
TARGET_DU:ec0-s12-EL7201-alstate-op
TARGET_DU:ec0-s12-EL7201-data-valid
TARGET_DU:ec0-s12-EL7201-Err
TARGET_DU:ec0-s13-EL3214-alstate-init
TARGET_DU:ec0-s13-EL3214-alstate-preop
TARGET_DU:ec0-s13-EL3214-alstate-safeop
TARGET_DU:ec0-s13-EL3214-alstate-op
TARGET_DU:ec0-s13-EL3214-data-valid
TARGET_DU:ec0-s13-EL3214-Err
TARGET_DU:ec0-s13-EL3214-AI1-UnderLim-Alrm
TARGET_DU:ec0-s13-EL3214-AI1-OverLim-Alrm
TARGET_DU:ec0-s13-EL3214-AI1-Err-Alrm
TARGET_DU:ec0-s13-EL3214-AI2-UnderLim-Alrm
TARGET_DU:ec0-s13-EL3214-AI2-OverLim-Alrm
TARGET_DU:ec0-s13-EL3214-AI2-Err-Alrm
TARGET_DU:ec0-s13-EL3214-AI3-UnderLim-Alrm
TARGET_DU:ec0-s13-EL3214-AI3-OverLim-Alrm
TARGET_DU:ec0-s13-EL3214-AI3-Err-Alrm
TARGET_DU:ec0-s13-EL3214-AI4-UnderLim-Alrm
TARGET_DU:ec0-s13-EL3214-AI4-OverLim-Alrm
TARGET_DU:ec0-s13-EL3214-AI4-Err-Alrm
TARGET_DU:ec0-s14-EL5021-alstate-init
TARGET_DU:ec0-s14-EL5021-alstate-preop
TARGET_DU:ec0-s14-EL5021-alstate-safeop
TARGET_DU:ec0-s14-EL5021-alstate-op
TARGET_DU:ec0-s14-EL5021-data-valid
TARGET_DU:ec0-s14-EL5021-Err
TARGET_DU:ec0-s15-EL6695-alstate-init
TARGET_DU:ec0-s15-EL6695-alstate-preop
TARGET_DU:ec0-s15-EL6695-alstate-safeop
TARGET_DU:ec0-s15-EL6695-alstate-op
TARGET_DU:ec0-s15-EL6695-data-valid
TARGET_DU:ec0-s15-EL6695-Err
TARGET_DU:ec0-s16-EL9410-alstate-init
TARGET_DU:ec0-s16-EL9410-alstate-preop
TARGET_DU:ec0-s16-EL9410-alstate-safeop
TARGET_DU:ec0-s16-EL9410-alstate-op
TARGET_DU:ec0-s16-EL9410-data-valid
TARGET_DU:ec0-s16-EL9410-Err
TARGET_DU:ec0-s16-EL9410-Us-UnderVolt
TARGET_DU:ec0-s16-EL9410-Up-UnderVolt
TARGET_DU:ec0-s17-EL2032-alstate-init
TARGET_DU:ec0-s17-EL2032-alstate-preop
TARGET_DU:ec0-s17-EL2032-alstate-safeop
TARGET_DU:ec0-s17-EL2032-alstate-op
TARGET_DU:ec0-s17-EL2032-data-valid
TARGET_DU:ec0-s17-EL2032-Err
TARGET_DU:ec0-s18-EK1110-alstate-init
TARGET_DU:ec0-s18-EK1110-alstate-preop
TARGET_DU:ec0-s18-EK1110-alstate-safeop
TARGET_DU:ec0-s18-EK1110-alstate-op
TARGET_DU:ec0-s18-EK1110-Err
TARGET_DU:ec0-s19-indraDrive-alstate-init
TARGET_DU:ec0-s19-indraDrive-alstate-preop
TARGET_DU:ec0-s19-indraDrive-alstate-safeop
TARGET_DU:ec0-s19-indraDrive-alstate-op
TARGET_DU:ec0-s19-indraDrive-data-valid
TARGET_DU:ec0-s19-indraDrive-Err
TARGET_DU:ec0-s20-IPOS8020-alstate-init
TARGET_DU:ec0-s20-IPOS8020-alstate-preop
TARGET_DU:ec0-s20-IPOS8020-alstate-safeop
TARGET_DU:ec0-s20-IPOS8020-alstate-op
TARGET_DU:ec0-s20-IPOS8020-data-valid
TARGET_DU:ec0-s20-IPOS8020-Err
TARGET_DU:ec0-s21-IPOS8020-alstate-init
TARGET_DU:ec0-s21-IPOS8020-alstate-preop
TARGET_DU:ec0-s21-IPOS8020-alstate-safeop
TARGET_DU:ec0-s21-IPOS8020-alstate-op
TARGET_DU:ec0-s21-IPOS8020-data-valid
TARGET_DU:ec0-s21-IPOS8020-Err
TARGET_DU:ec0-s22-IPOS8020-alstate-init
TARGET_DU:ec0-s22-IPOS8020-alstate-preop
TARGET_DU:ec0-s22-IPOS8020-alstate-safeop
TARGET_DU:ec0-s22-IPOS8020-alstate-op
TARGET_DU:ec0-s22-IPOS8020-data-valid
TARGET_DU:ec0-s22-IPOS8020-Err
REQMOD:mcag-tgt-drv-io-30568:exit
REQMOD:mcag-tgt-drv-io-30568:BaseVersion
REQMOD:mcag-tgt-drv-io-30568:require_VER
REQMOD:mcag-tgt-drv-io-30568:asyn_VER
REQMOD:mcag-tgt-drv-io-30568:beckhoffads_VER
REQMOD:mcag-tgt-drv-io-30568:ads_VER
TARGET_DU:ec0-s2-EL1809-HWType
TARGET_DU:ec0-s3-EL1809-HWType
TARGET_DU:ec0-s4-EL2819-HWType
TARGET_DU:ec0-s5-EL2819-HWType
TARGET_DU:ec0-s6-EL9505-HWType
TARGET_DU:ec0-s7-EL1252-HWType
TARGET_DU:ec0-s8-EL9410-HWType
TARGET_DU:ec0-s9-EL1252-HWType
TARGET_DU:ec0-s10-EL7201-HWType
TARGET_DU:ec0-s11-EL7201-HWType
TARGET_DU:ec0-s12-EL7201-HWType
TARGET_DU:ec0-s13-EL3214-HWType
TARGET_DU:ec0-s14-EL5021-HWType
TARGET_DU:ec0-s15-EL6695-HWType
TARGET_DU:ec0-s16-EL9410-HWType
TARGET_DU:ec0-s17-EL2032-HWType
TARGET_DU:ec0-s18-EK1110-HWType
TARGET_DU:ec0-s19-indraDrive-HWType
TARGET_DU:ec0-s20-IPOS8020-HWType
TARGET_DU:ec0-s21-IPOS8020-HWType
TARGET_DU:ec0-s22-IPOS8020-HWType
TARGET_DU:Rotation-PosAct
TARGET_DU:Rotation-VelAct
TARGET_DU:Rotation-TorqueAct
TARGET_DU:Rotation-TempAct
TARGET_DU:Rotation-PhaseErrorMMAct
TARGET_DU:Rotation-MissedTimingPulses
TARGET_DU:Rotation-MissedTimingPulsesLow
TARGET_DU:Rotation-PhaseOffetDegAct
TARGET_DU:Rotation-LatchedPosAct
TARGET_DU:Rotation-ClosestSectorIDAct
TARGET_DU:Rotation-ChoosenSectorAct
TARGET_DU:Rotation-VelStableCountAct
TARGET_DU:Rotation-VelRawCmd-RB
TARGET_DU:Rotation-VelLastSectorAct
TARGET_DU:Rotation-ErrId
TARGET_DU:Rotation-Temp_1HzAct
TARGET_DU:Rotation-Torque_1HzAct
TARGET_DU:Rotation-PhaseErrorMM_1HzAct
TARGET_DU:Rotation-Vel_1HzAct
TARGET_DU:Rotation-VelSetCmd_1HzAct
TARGET_DU:Rotation-Drv-Stat-OpModeNo
TARGET_DU:Rotation-Drv-Stat-ActPos
TARGET_DU:Rotation-Drv-Stat-ActVel
TARGET_DU:Rotation-Drv-Stat-ActTorque
TARGET_DU:Rotation-Drv-Stat-DiagCode
TARGET_DU:Rotation-Drv-Cmd-OpMode-RB
TARGET_DU:Rotation-Drv-Cmd-Pos-RB
TARGET_DU:Rotation-Drv-Cmd-Vel-RB
TARGET_DU:Rotation-Drv-Cmd-Acc-RB
TARGET_DU:Rotation-Drv-Cmd-Dec-RB
TARGET_DU:Rotation-Drv-Cmd-Override-RB
TARGET_DU:Rotation-Drv-Cmd-TorqueLim-RB
TARGET_DU:Rotation-Drv-Cmd-VelPos-RB
TARGET_DU:Rotation-Home-Pos-offset
TARGET_DU:X-TempAct
TARGET_DU:X-PosAct
TARGET_DU:X-VelAct
TARGET_DU:X-ErrId
TARGET_DU:X-PosAct02
TARGET_DU:Y-TempAct
TARGET_DU:Y-PosAct
TARGET_DU:Y-VelAct
TARGET_DU:Y-ErrId
TARGET_DU:Y-PosAct02
TARGET_DU:Z-TempAct
TARGET_DU:Z-PosAct
TARGET_DU:Z-VelAct
TARGET_DU:Z-ErrId
TARGET_DU:Z-PosAct02
TARGET_DU:ec0-s10-EL7201-PosAct
TARGET_DU:ec0-s11-EL7201-PosAct
TARGET_DU:ec0-s12-EL7201-PosAct
TARGET_DU:ec0-s13-EL3214-AI1
TARGET_DU:ec0-s13-EL3214-AI2
TARGET_DU:ec0-s13-EL3214-AI3
TARGET_DU:ec0-s13-EL3214-AI4
mcag-tgt-drv-io-30568 > 