TARGET_DU:Rotation-EnaCmd
TARGET_DU:Rotation-ExeCmd
TARGET_DU:Rotation-RstCmd
TARGET_DU:Rotation-AllowMotionCmd
TARGET_DU:Rotation-Drv-Cmd-Ena
TARGET_DU:Rotation-Drv-Cmd-Halt
TARGET_DU:Rotation-Drv-Cmd-PosChg
TARGET_DU:Rotation-Drv-Cmd-PosValType
TARGET_DU:Rotation-Drv-Cmd-Exe
TARGET_DU:Rotation-Drv-Cmd-ErrRst
TARGET_DU:Rotation-Drv-Cmd-SetAbsPos
TARGET_DU:Rotation-Drv-Cmd-ExeHome
TARGET_DU:Rotation-Drv-Cmd-DisableLim
TARGET_DU:Rotation-Drv-Cmd-EnterParamMode
TARGET_DU:Rotation-Drv-Cmd-ExitParamMode
TARGET_DU:Rotation-Drv-Cmd-RunVirtMaster
TARGET_DU:X-BrakeReleseCmd
TARGET_DU:X-AllowMotionCmd
TARGET_DU:X-ExePosCmd
TARGET_DU:X-ExeVelCmd
TARGET_DU:X-ExeHomeCmd
TARGET_DU:X-ExeStopCmd
TARGET_DU:X-ExeResetCmd
TARGET_DU:X-EnaCmd
TARGET_DU:X-ConstVeloDirFwd
TARGET_DU:Y-BrakeReleseCmd
TARGET_DU:Y-AllowMotionCmd
TARGET_DU:Y-ExePosCmd
TARGET_DU:Y-ExeVelCmd
TARGET_DU:Y-ExeHomeCmd
TARGET_DU:Y-ExeStopCmd
TARGET_DU:Y-ExeResetCmd
TARGET_DU:Y-EnaCmd
TARGET_DU:Y-ConstVeloDirFwd
TARGET_DU:Z-BrakeReleseCmd
TARGET_DU:Z-AllowMotionCmd
TARGET_DU:Z-ExePosCmd
TARGET_DU:Z-ExeVelCmd
TARGET_DU:Z-ExeHomeCmd
TARGET_DU:Z-ExeStopCmd
TARGET_DU:Z-ExeResetCmd
TARGET_DU:Z-EnaCmd
TARGET_DU:Z-ConstVeloDirFwd
TARGET_DU:Rotation-StateAct
TARGET_DU:Rotation-Home-State
TARGET_DU:Rotation-StateCmd
TARGET_DU:Rotation-StatePhaseCtrlTypeCmd
TARGET_DU:Rotation-StatePhasePWMTypeCmd
TARGET_DU:Rotation-MaxMotorTempCmd
TARGET_DU:Rotation-PhaseOffetMMCmd
TARGET_DU:Rotation-VelSetCmd
TARGET_DU:Rotation-PosCmd
TARGET_DU:Rotation-Drv-Cmd-OpMode
TARGET_DU:Rotation-Drv-Cmd-Pos
TARGET_DU:Rotation-Drv-Cmd-Vel
TARGET_DU:Rotation-Drv-CmdAcc
TARGET_DU:Rotation-Drv-CmdDec
TARGET_DU:Rotation-Drv-Cmd-Override
TARGET_DU:Rotation-Drv-Cmd-TorqueLim
TARGET_DU:Rotation-Drv-Cmd-VelPos
TARGET_DU:X-PosCmd
TARGET_DU:Y-PosCmd
TARGET_DU:Z-PosCmd
TARGET_DU:ec0-s2-EL1809-Stat_
TARGET_DU:ec0-s3-EL1809-Stat_
TARGET_DU:ec0-s4-EL2819-Stat_
TARGET_DU:ec0-s4-EL2819-BO1-Stat_
TARGET_DU:ec0-s4-EL2819-BO2-Stat_
TARGET_DU:ec0-s4-EL2819-BO3-Stat_
TARGET_DU:ec0-s4-EL2819-BO4-Stat_
TARGET_DU:ec0-s4-EL2819-BO5-Stat_
TARGET_DU:ec0-s4-EL2819-BO6-Stat_
TARGET_DU:ec0-s4-EL2819-BO7-Stat_
TARGET_DU:ec0-s4-EL2819-BO8-Stat_
TARGET_DU:ec0-s4-EL2819-BO9-Stat_
TARGET_DU:ec0-s4-EL2819-BO10-Stat_
TARGET_DU:ec0-s4-EL2819-BO11-Stat_
TARGET_DU:ec0-s4-EL2819-BO12-Stat_
TARGET_DU:ec0-s4-EL2819-BO13-Stat_
TARGET_DU:ec0-s4-EL2819-BO14-Stat_
TARGET_DU:ec0-s4-EL2819-BO15-Stat_
TARGET_DU:ec0-s4-EL2819-BO16-Stat_
TARGET_DU:ec0-s5-EL2819-Stat_
TARGET_DU:ec0-s5-EL2819-BO1-Stat_
TARGET_DU:ec0-s5-EL2819-BO2-Stat_
TARGET_DU:ec0-s5-EL2819-BO3-Stat_
TARGET_DU:ec0-s5-EL2819-BO4-Stat_
TARGET_DU:ec0-s5-EL2819-BO5-Stat_
TARGET_DU:ec0-s5-EL2819-BO6-Stat_
TARGET_DU:ec0-s5-EL2819-BO7-Stat_
TARGET_DU:ec0-s5-EL2819-BO8-Stat_
TARGET_DU:ec0-s5-EL2819-BO9-Stat_
TARGET_DU:ec0-s5-EL2819-BO10-Stat_
TARGET_DU:ec0-s5-EL2819-BO11-Stat_
TARGET_DU:ec0-s5-EL2819-BO12-Stat_
TARGET_DU:ec0-s5-EL2819-BO13-Stat_
TARGET_DU:ec0-s5-EL2819-BO14-Stat_
TARGET_DU:ec0-s5-EL2819-BO15-Stat_
TARGET_DU:ec0-s5-EL2819-BO16-Stat_
TARGET_DU:ec0-s6-EL9505-Stat_
TARGET_DU:ec0-s7-EL1252-Stat_
TARGET_DU:ec0-s8-EL9410-Stat_
TARGET_DU:ec0-s9-EL1252-Stat_
TARGET_DU:ec0-s10-EL7201-Stat_
TARGET_DU:ec0-s11-EL7201-Stat_
TARGET_DU:ec0-s12-EL7201-Stat_
TARGET_DU:ec0-s13-EL3214-Stat_
TARGET_DU:ec0-s14-EL5021-Stat_
TARGET_DU:ec0-s15-EL6695-Stat_
TARGET_DU:ec0-s16-EL9410-Stat_
TARGET_DU:ec0-s17-EL2032-Stat_
TARGET_DU:ec0-s18-EK1110-Stat_
TARGET_DU:ec0-s19-indraDrive-Stat_
TARGET_DU:ec0-s20-IPOS8020-Stat_
TARGET_DU:ec0-s21-IPOS8020-Stat_
TARGET_DU:ec0-s22-IPOS8020-Stat_
REQMOD:mcag-tgt-drv-io-5143:MODULES
REQMOD:mcag-tgt-drv-io-5143:VERSIONS
REQMOD:mcag-tgt-drv-io-5143:MOD_VER
TARGET_DU:Rotation-ErrStr
TARGET_DU:Rotation-Home-IndexLatchBuffer
TARGET_DU:ec0-s2-EL1809-ErrMsg
TARGET_DU:ec0-s3-EL1809-ErrMsg
TARGET_DU:ec0-s4-EL2819-ErrMsg
TARGET_DU:ec0-s5-EL2819-ErrMsg
TARGET_DU:ec0-s6-EL9505-ErrMsg
TARGET_DU:ec0-s7-EL1252-ErrMsg
TARGET_DU:ec0-s8-EL9410-ErrMsg
TARGET_DU:ec0-s9-EL1252-ErrMsg
TARGET_DU:ec0-s10-EL7201-ErrMsg
TARGET_DU:ec0-s11-EL7201-ErrMsg
TARGET_DU:ec0-s12-EL7201-ErrMsg
TARGET_DU:ec0-s13-EL3214-ErrMsg
TARGET_DU:ec0-s14-EL5021-ErrMsg
TARGET_DU:ec0-s15-EL6695-ErrMsg
TARGET_DU:ec0-s16-EL9410-ErrMsg
TARGET_DU:ec0-s17-EL2032-ErrMsg
TARGET_DU:ec0-s18-EK1110-ErrMsg
TARGET_DU:ec0-s19-indraDrive-ErrMsg
TARGET_DU:ec0-s20-IPOS8020-ErrMsg
TARGET_DU:ec0-s21-IPOS8020-ErrMsg
TARGET_DU:ec0-s22-IPOS8020-ErrMsg
TARGET_DU:ec0-s2-EL1809-Stat
TARGET_DU:ec0-s2-EL1809-TerminalID
TARGET_DU:ec0-s3-EL1809-Stat
TARGET_DU:ec0-s3-EL1809-TerminalID
TARGET_DU:ec0-s4-EL2819-Stat
TARGET_DU:ec0-s4-EL2819-TerminalID
TARGET_DU:ec0-s4-EL2819-BO1-Stat
TARGET_DU:ec0-s4-EL2819-BO2-Stat
TARGET_DU:ec0-s4-EL2819-BO3-Stat
TARGET_DU:ec0-s4-EL2819-BO4-Stat
TARGET_DU:ec0-s4-EL2819-BO5-Stat
TARGET_DU:ec0-s4-EL2819-BO6-Stat
TARGET_DU:ec0-s4-EL2819-BO7-Stat
TARGET_DU:ec0-s4-EL2819-BO8-Stat
TARGET_DU:ec0-s4-EL2819-BO9-Stat
TARGET_DU:ec0-s4-EL2819-BO10-Stat
TARGET_DU:ec0-s4-EL2819-BO11-Stat
TARGET_DU:ec0-s4-EL2819-BO12-Stat
TARGET_DU:ec0-s4-EL2819-BO13-Stat
TARGET_DU:ec0-s4-EL2819-BO14-Stat
TARGET_DU:ec0-s4-EL2819-BO15-Stat
TARGET_DU:ec0-s4-EL2819-BO16-Stat
TARGET_DU:ec0-s5-EL2819-Stat
TARGET_DU:ec0-s5-EL2819-TerminalID
TARGET_DU:ec0-s5-EL2819-BO1-Stat
TARGET_DU:ec0-s5-EL2819-BO2-Stat
TARGET_DU:ec0-s5-EL2819-BO3-Stat
TARGET_DU:ec0-s5-EL2819-BO4-Stat
TARGET_DU:ec0-s5-EL2819-BO5-Stat
TARGET_DU:ec0-s5-EL2819-BO6-Stat
TARGET_DU:ec0-s5-EL2819-BO7-Stat
TARGET_DU:ec0-s5-EL2819-BO8-Stat
TARGET_DU:ec0-s5-EL2819-BO9-Stat
TARGET_DU:ec0-s5-EL2819-BO10-Stat
TARGET_DU:ec0-s5-EL2819-BO11-Stat
TARGET_DU:ec0-s5-EL2819-BO12-Stat
TARGET_DU:ec0-s5-EL2819-BO13-Stat
TARGET_DU:ec0-s5-EL2819-BO14-Stat
TARGET_DU:ec0-s5-EL2819-BO15-Stat
TARGET_DU:ec0-s5-EL2819-BO16-Stat
TARGET_DU:ec0-s6-EL9505-Stat
TARGET_DU:ec0-s6-EL9505-TerminalID
TARGET_DU:ec0-s7-EL1252-Stat
TARGET_DU:ec0-s7-EL1252-TerminalID
TARGET_DU:ec0-s8-EL9410-Stat
TARGET_DU:ec0-s8-EL9410-TerminalID
TARGET_DU:ec0-s9-EL1252-Stat
TARGET_DU:ec0-s9-EL1252-TerminalID
TARGET_DU:ec0-s10-EL7201-Stat
TARGET_DU:ec0-s10-EL7201-TerminalID
TARGET_DU:ec0-s11-EL7201-Stat
TARGET_DU:ec0-s11-EL7201-TerminalID
TARGET_DU:ec0-s12-EL7201-Stat
TARGET_DU:ec0-s12-EL7201-TerminalID
TARGET_DU:ec0-s13-EL3214-Stat
TARGET_DU:ec0-s13-EL3214-TerminalID
TARGET_DU:ec0-s13-EL3214-AI1-Stat
TARGET_DU:ec0-s13-EL3214-AI2-Stat
TARGET_DU:ec0-s13-EL3214-AI3-Stat
TARGET_DU:ec0-s13-EL3214-AI4-Stat
TARGET_DU:ec0-s14-EL5021-Stat
TARGET_DU:ec0-s14-EL5021-TerminalID
TARGET_DU:ec0-s15-EL6695-Stat
TARGET_DU:ec0-s15-EL6695-TerminalID
TARGET_DU:ec0-s16-EL9410-Stat
TARGET_DU:ec0-s16-EL9410-TerminalID
TARGET_DU:ec0-s17-EL2032-Stat
TARGET_DU:ec0-s17-EL2032-TerminalID
TARGET_DU:ec0-s18-EK1110-Stat
TARGET_DU:ec0-s18-EK1110-TerminalID
TARGET_DU:ec0-s19-indraDrive-Stat
TARGET_DU:ec0-s19-indraDrive-TerminalID
TARGET_DU:ec0-s20-IPOS8020-Stat
TARGET_DU:ec0-s20-IPOS8020-TerminalID
TARGET_DU:ec0-s21-IPOS8020-Stat
TARGET_DU:ec0-s21-IPOS8020-TerminalID
TARGET_DU:ec0-s22-IPOS8020-Stat
TARGET_DU:ec0-s22-IPOS8020-TerminalID
TARGET_DU:Rotation-EnaCmd-RB
TARGET_DU:Rotation-EnaAct
TARGET_DU:Rotation-PhasingAct
TARGET_DU:Rotation-VelStableAct
TARGET_DU:Rotation-Err
TARGET_DU:Rotation-ManualILOverride
TARGET_DU:Rotation-HwOK
TARGET_DU:Rotation-GeneralILOK
TARGET_DU:Rotation-SumILOK
TARGET_DU:Rotation-EstopOK
TARGET_DU:Rotation-PhaseOK
TARGET_DU:Rotation-Drv-Stat-InParamMode
TARGET_DU:Rotation-Drv-Stat-DCbusOK
TARGET_DU:Rotation-Drv-Stat-Ena
TARGET_DU:Rotation-Drv-Stat-EncHomed
TARGET_DU:Rotation-Drv-Stat-Standstill
TARGET_DU:Rotation-Drv-Stat-InTargetPos
TARGET_DU:Rotation-Drv-Stat-ConstVelo
TARGET_DU:Rotation-Drv-Stat-Acc
TARGET_DU:Rotation-Drv-Stat-Dec
TARGET_DU:Rotation-Drv-Stat-Jog
TARGET_DU:Rotation-Drv-Stat-CmdChg
TARGET_DU:Rotation-Drv-Stat-CmdProc
TARGET_DU:Rotation-Drv-Stat-Lim
TARGET_DU:Rotation-Drv-Stat-Diag
TARGET_DU:Rotation-Drv-Stat-Wrn
TARGET_DU:Rotation-Drv-Stat-Err
TARGET_DU:Rotation-Drv-Stat-STOActiveCh1
TARGET_DU:Rotation-Drv-Stat-STOActiveCh2
TARGET_DU:Rotation-Drv-Cmd-Ena-RB
TARGET_DU:Rotation-Drv-Cmd-Halt-RB
TARGET_DU:Rotation-Drv-Cmd-PosChg-RB
TARGET_DU:Rotation-Drv-Cmd-PosValType-RB
TARGET_DU:Rotation-Drv-Cmd-Exe-RB
TARGET_DU:Rotation-Drv-Cmd-ErrRst-RB
TARGET_DU:Rotation-Drv-Cmd-SetAbsPos-RB
TARGET_DU:Rotation-Drv-Cmd-ExeHome-RB
TARGET_DU:Rotation-Drv-Cmd-DisableLim-RB
TARGET_DU:Rotation-Drv-Cmd-EnterParamMode-RB
TARGET_DU:Rotation-Drv-Cmd-ExitParamMode-RB
TARGET_DU:Rotation-Drv-Cmd-RunVirtMaster-RB
TARGET_DU:Rotation-Home-Homed
TARGET_DU:Dev-BeamOff
TARGET_DU:X-EstopOK
TARGET_DU:X-LimitMax
TARGET_DU:X-LimitMin
TARGET_DU:X-LimitMaxMax
TARGET_DU:X-LimitMinMin
TARGET_DU:X-BrakeReleased
TARGET_DU:X-SumFwdILOK
TARGET_DU:X-SumBwdILOK
TARGET_DU:X-ManualILOverride
TARGET_DU:X-LimitMinPark
TARGET_DU:X-LimitMinMinPark
TARGET_DU:X-ParkRangeEnaAct
TARGET_DU:X-HwOK
TARGET_DU:X-GeneralAndOverrideILOK
TARGET_DU:X-GeneralILOK
TARGET_DU:X-Homed
TARGET_DU:X-HomingCmdActive
TARGET_DU:X-EnaAct
TARGET_DU:X-Busy
TARGET_DU:X-PosLoLoAlm
TARGET_DU:X-PosLoAlm
TARGET_DU:X-PosHiHiAlm
TARGET_DU:X-PosHiAlm
TARGET_DU:X-SumILFwd
TARGET_DU:X-SumILBwd
TARGET_DU:Y-EstopOK
TARGET_DU:Y-LimitMax
TARGET_DU:Y-LimitMin
TARGET_DU:Y-LimitMaxMax
TARGET_DU:Y-LimitMinMin
TARGET_DU:Y-BrakeReleased
TARGET_DU:Y-SumFwdILOK
TARGET_DU:Y-SumBwdILOK
TARGET_DU:Y-ManualILOverride
TARGET_DU:Y-LimitMinPark
TARGET_DU:Y-LimitMinMinPark
TARGET_DU:Y-ParkRangeEnaAct
TARGET_DU:Y-HwOK
TARGET_DU:Y-GeneralAndOverrideILOK
TARGET_DU:Y-GeneralILOK
TARGET_DU:Y-Homed
TARGET_DU:Y-HomingCmdActive
TARGET_DU:Y-EnaAct
TARGET_DU:Y-Busy
TARGET_DU:Y-PosLoLoAlm
TARGET_DU:Y-PosLoAlm
TARGET_DU:Y-PosHiHiAlm
TARGET_DU:Y-PosHiAlm
TARGET_DU:Y-SumILFwd
TARGET_DU:Y-SumILBwd
TARGET_DU:Z-EstopOK
TARGET_DU:Z-LimitMax
TARGET_DU:Z-LimitMin
TARGET_DU:Z-LimitMaxMax
TARGET_DU:Z-LimitMinMin
TARGET_DU:Z-BrakeReleased
TARGET_DU:Z-SumFwdILOK
TARGET_DU:Z-SumBwdILOK
TARGET_DU:Z-ManualILOverride
TARGET_DU:Z-LimitMinPark
TARGET_DU:Z-LimitMinMinPark
TARGET_DU:Z-ParkRangeEnaAct
TARGET_DU:Z-HwOK
TARGET_DU:Z-GeneralAndOverrideILOK
TARGET_DU:Z-GeneralILOK
TARGET_DU:Z-Homed
TARGET_DU:Z-HomingCmdActive
TARGET_DU:Z-EnaAct
TARGET_DU:Z-Busy
TARGET_DU:Z-PosLoLoAlm
TARGET_DU:Z-PosLoAlm
TARGET_DU:Z-PosHiHiAlm
TARGET_DU:Z-PosHiAlm
TARGET_DU:Z-SumILFwd
TARGET_DU:Z-SumILBwd
TARGET_DU:ec0-s2-EL1809-alstate-init
TARGET_DU:ec0-s2-EL1809-alstate-preop
TARGET_DU:ec0-s2-EL1809-alstate-safeop
TARGET_DU:ec0-s2-EL1809-alstate-op
TARGET_DU:ec0-s2-EL1809-data-valid
TARGET_DU:ec0-s2-EL1809-Err
TARGET_DU:ec0-s2-EL1809-BI1
TARGET_DU:ec0-s2-EL1809-BI2
TARGET_DU:ec0-s2-EL1809-BI3
TARGET_DU:ec0-s2-EL1809-BI4
TARGET_DU:ec0-s2-EL1809-BI5
TARGET_DU:ec0-s2-EL1809-BI6
TARGET_DU:ec0-s2-EL1809-BI7
TARGET_DU:ec0-s2-EL1809-BI8
TARGET_DU:ec0-s2-EL1809-BI9
TARGET_DU:ec0-s2-EL1809-BI10
TARGET_DU:ec0-s2-EL1809-BI11
TARGET_DU:ec0-s2-EL1809-BI12
TARGET_DU:ec0-s2-EL1809-BI13
TARGET_DU:ec0-s2-EL1809-BI14
TARGET_DU:ec0-s2-EL1809-BI15
TARGET_DU:ec0-s2-EL1809-BI16
TARGET_DU:ec0-s3-EL1809-alstate-init
TARGET_DU:ec0-s3-EL1809-alstate-preop
TARGET_DU:ec0-s3-EL1809-alstate-safeop
TARGET_DU:ec0-s3-EL1809-alstate-op
TARGET_DU:ec0-s3-EL1809-data-valid
TARGET_DU:ec0-s3-EL1809-Err
TARGET_DU:ec0-s3-EL1809-BI1
TARGET_DU:ec0-s3-EL1809-BI2
TARGET_DU:ec0-s3-EL1809-BI3
TARGET_DU:ec0-s3-EL1809-BI4
TARGET_DU:ec0-s3-EL1809-BI5
TARGET_DU:ec0-s3-EL1809-BI6
TARGET_DU:ec0-s3-EL1809-BI7
TARGET_DU:ec0-s3-EL1809-BI8
TARGET_DU:ec0-s3-EL1809-BI9
TARGET_DU:ec0-s3-EL1809-BI10
TARGET_DU:ec0-s3-EL1809-BI11
TARGET_DU:ec0-s3-EL1809-BI12
TARGET_DU:ec0-s3-EL1809-BI13
TARGET_DU:ec0-s3-EL1809-BI14
TARGET_DU:ec0-s3-EL1809-BI15
TARGET_DU:ec0-s3-EL1809-BI16
TARGET_DU:ec0-s4-EL2819-alstate-init
TARGET_DU:ec0-s4-EL2819-alstate-preop
TARGET_DU:ec0-s4-EL2819-alstate-safeop
TARGET_DU:ec0-s4-EL2819-alstate-op
TARGET_DU:ec0-s4-EL2819-data-valid
TARGET_DU:ec0-s4-EL2819-Err
TARGET_DU:ec0-s4-EL2819-BO1-OvrTmp-Alrm
TARGET_DU:ec0-s4-EL2819-BO1-OpnLoad-Alrm
TARGET_DU:ec0-s4-EL2819-BO1-OvrCurr-Alrm
TARGET_DU:ec0-s4-EL2819-BO1-ShrtCirc-Alrm
TARGET_DU:ec0-s4-EL2819-BO2-OvrTmp-Alrm
TARGET_DU:ec0-s4-EL2819-BO2-OpnLoad-Alrm
TARGET_DU:ec0-s4-EL2819-BO2-OvrCurr-Alrm
TARGET_DU:ec0-s4-EL2819-BO2-ShrtCirc-Alrm
TARGET_DU:ec0-s4-EL2819-BO3-OvrTmp-Alrm
TARGET_DU:ec0-s4-EL2819-BO3-OpnLoad-Alrm
TARGET_DU:ec0-s4-EL2819-BO3-OvrCurr-Alrm
TARGET_DU:ec0-s4-EL2819-BO3-ShrtCirc-Alrm
TARGET_DU:ec0-s4-EL2819-BO4-OvrTmp-Alrm
TARGET_DU:ec0-s4-EL2819-BO4-OpnLoad-Alrm
TARGET_DU:ec0-s4-EL2819-BO4-OvrCurr-Alrm
TARGET_DU:ec0-s4-EL2819-BO4-ShrtCirc-Alrm
TARGET_DU:ec0-s4-EL2819-BO5-OvrTmp-Alrm
TARGET_DU:ec0-s4-EL2819-BO5-OpnLoad-Alrm
TARGET_DU:ec0-s4-EL2819-BO5-OvrCurr-Alrm
TARGET_DU:ec0-s4-EL2819-BO5-ShrtCirc-Alrm
TARGET_DU:ec0-s4-EL2819-BO6-OvrTmp-Alrm
TARGET_DU:ec0-s4-EL2819-BO6-OpnLoad-Alrm
TARGET_DU:ec0-s4-EL2819-BO6-OvrCurr-Alrm
TARGET_DU:ec0-s4-EL2819-BO6-ShrtCirc-Alrm
TARGET_DU:ec0-s4-EL2819-BO7-OvrTmp-Alrm
TARGET_DU:ec0-s4-EL2819-BO7-OpnLoad-Alrm
TARGET_DU:ec0-s4-EL2819-BO7-OvrCurr-Alrm
TARGET_DU:ec0-s4-EL2819-BO7-ShrtCirc-Alrm
TARGET_DU:ec0-s4-EL2819-BO8-OvrTmp-Alrm
TARGET_DU:ec0-s4-EL2819-BO8-OpnLoad-Alrm
TARGET_DU:ec0-s4-EL2819-BO8-OvrCurr-Alrm
TARGET_DU:ec0-s4-EL2819-BO8-ShrtCirc-Alrm
TARGET_DU:ec0-s4-EL2819-BO9-OvrTmp-Alrm
TARGET_DU:ec0-s4-EL2819-BO9-OpnLoad-Alrm
TARGET_DU:ec0-s4-EL2819-BO9-OvrCurr-Alrm
TARGET_DU:ec0-s4-EL2819-BO9-ShrtCirc-Alrm
TARGET_DU:ec0-s4-EL2819-BO10-OvrTmp-Alrm
TARGET_DU:ec0-s4-EL2819-BO10-OpnLoad-Alrm
TARGET_DU:ec0-s4-EL2819-BO10-OvrCurr-Alrm
TARGET_DU:ec0-s4-EL2819-BO10-ShrtCirc-Alrm
TARGET_DU:ec0-s4-EL2819-BO11-OvrTmp-Alrm
TARGET_DU:ec0-s4-EL2819-BO11-OpnLoad-Alrm
TARGET_DU:ec0-s4-EL2819-BO11-OvrCurr-Alrm
TARGET_DU:ec0-s4-EL2819-BO11-ShrtCirc-Alrm
TARGET_DU:ec0-s4-EL2819-BO12-OvrTmp-Alrm
TARGET_DU:ec0-s4-EL2819-BO12-OpnLoad-Alrm
TARGET_DU:ec0-s4-EL2819-BO12-OvrCurr-Alrm
TARGET_DU:ec0-s4-EL2819-BO12-ShrtCirc-Alrm
TARGET_DU:ec0-s4-EL2819-BO13-OvrTmp-Alrm
TARGET_DU:ec0-s4-EL2819-BO13-OpnLoad-Alrm
TARGET_DU:ec0-s4-EL2819-BO13-OvrCurr-Alrm
TARGET_DU:ec0-s4-EL2819-BO13-ShrtCirc-Alrm
TARGET_DU:ec0-s4-EL2819-BO14-OvrTmp-Alrm
TARGET_DU:ec0-s4-EL2819-BO14-OpnLoad-Alrm
TARGET_DU:ec0-s4-EL2819-BO14-OvrCurr-Alrm
TARGET_DU:ec0-s4-EL2819-BO14-ShrtCirc-Alrm
TARGET_DU:ec0-s4-EL2819-BO15-OvrTmp-Alrm
TARGET_DU:ec0-s4-EL2819-BO15-OpnLoad-Alrm
TARGET_DU:ec0-s4-EL2819-BO15-OvrCurr-Alrm
TARGET_DU:ec0-s4-EL2819-BO15-ShrtCirc-Alrm
TARGET_DU:ec0-s4-EL2819-BO16-OvrTmp-Alrm
TARGET_DU:ec0-s4-EL2819-BO16-OpnLoad-Alrm
TARGET_DU:ec0-s4-EL2819-BO16-OvrCurr-Alrm
TARGET_DU:ec0-s4-EL2819-BO16-ShrtCirc-Alrm
TARGET_DU:ec0-s5-EL2819-alstate-init
TARGET_DU:ec0-s5-EL2819-alstate-preop
TARGET_DU:ec0-s5-EL2819-alstate-safeop
TARGET_DU:ec0-s5-EL2819-alstate-op
TARGET_DU:ec0-s5-EL2819-data-valid
TARGET_DU:ec0-s5-EL2819-Err
TARGET_DU:ec0-s5-EL2819-BO1-OvrTmp-Alrm
TARGET_DU:ec0-s5-EL2819-BO1-OpnLoad-Alrm
TARGET_DU:ec0-s5-EL2819-BO1-OvrCurr-Alrm
TARGET_DU:ec0-s5-EL2819-BO1-ShrtCirc-Alrm
TARGET_DU:ec0-s5-EL2819-BO2-OvrTmp-Alrm
TARGET_DU:ec0-s5-EL2819-BO2-OpnLoad-Alrm
TARGET_DU:ec0-s5-EL2819-BO2-OvrCurr-Alrm
TARGET_DU:ec0-s5-EL2819-BO2-ShrtCirc-Alrm
TARGET_DU:ec0-s5-EL2819-BO3-OvrTmp-Alrm
TARGET_DU:ec0-s5-EL2819-BO3-OpnLoad-Alrm
TARGET_DU:ec0-s5-EL2819-BO3-OvrCurr-Alrm
TARGET_DU:ec0-s5-EL2819-BO3-ShrtCirc-Alrm
TARGET_DU:ec0-s5-EL2819-BO4-OvrTmp-Alrm
TARGET_DU:ec0-s5-EL2819-BO4-OpnLoad-Alrm
TARGET_DU:ec0-s5-EL2819-BO4-OvrCurr-Alrm
TARGET_DU:ec0-s5-EL2819-BO4-ShrtCirc-Alrm
TARGET_DU:ec0-s5-EL2819-BO5-OvrTmp-Alrm
TARGET_DU:ec0-s5-EL2819-BO5-OpnLoad-Alrm
TARGET_DU:ec0-s5-EL2819-BO5-OvrCurr-Alrm
TARGET_DU:ec0-s5-EL2819-BO5-ShrtCirc-Alrm
TARGET_DU:ec0-s5-EL2819-BO6-OvrTmp-Alrm
TARGET_DU:ec0-s5-EL2819-BO6-OpnLoad-Alrm
TARGET_DU:ec0-s5-EL2819-BO6-OvrCurr-Alrm
TARGET_DU:ec0-s5-EL2819-BO6-ShrtCirc-Alrm
TARGET_DU:ec0-s5-EL2819-BO7-OvrTmp-Alrm
TARGET_DU:ec0-s5-EL2819-BO7-OpnLoad-Alrm
TARGET_DU:ec0-s5-EL2819-BO7-OvrCurr-Alrm
TARGET_DU:ec0-s5-EL2819-BO7-ShrtCirc-Alrm
TARGET_DU:ec0-s5-EL2819-BO8-OvrTmp-Alrm
TARGET_DU:ec0-s5-EL2819-BO8-OpnLoad-Alrm
TARGET_DU:ec0-s5-EL2819-BO8-OvrCurr-Alrm
TARGET_DU:ec0-s5-EL2819-BO8-ShrtCirc-Alrm
TARGET_DU:ec0-s5-EL2819-BO9-OvrTmp-Alrm
TARGET_DU:ec0-s5-EL2819-BO9-OpnLoad-Alrm
TARGET_DU:ec0-s5-EL2819-BO9-OvrCurr-Alrm
TARGET_DU:ec0-s5-EL2819-BO9-ShrtCirc-Alrm
TARGET_DU:ec0-s5-EL2819-BO10-OvrTmp-Alrm
TARGET_DU:ec0-s5-EL2819-BO10-OpnLoad-Alrm
TARGET_DU:ec0-s5-EL2819-BO10-OvrCurr-Alrm
TARGET_DU:ec0-s5-EL2819-BO10-ShrtCirc-Alrm
TARGET_DU:ec0-s5-EL2819-BO11-OvrTmp-Alrm
TARGET_DU:ec0-s5-EL2819-BO11-OpnLoad-Alrm
TARGET_DU:ec0-s5-EL2819-BO11-OvrCurr-Alrm
TARGET_DU:ec0-s5-EL2819-BO11-ShrtCirc-Alrm
TARGET_DU:ec0-s5-EL2819-BO12-OvrTmp-Alrm
TARGET_DU:ec0-s5-EL2819-BO12-OpnLoad-Alrm
TARGET_DU:ec0-s5-EL2819-BO12-OvrCurr-Alrm
TARGET_DU:ec0-s5-EL2819-BO12-ShrtCirc-Alrm
TARGET_DU:ec0-s5-EL2819-BO13-OvrTmp-Alrm
TARGET_DU:ec0-s5-EL2819-BO13-OpnLoad-Alrm
TARGET_DU:ec0-s5-EL2819-BO13-OvrCurr-Alrm
TARGET_DU:ec0-s5-EL2819-BO13-ShrtCirc-Alrm
TARGET_DU:ec0-s5-EL2819-BO14-OvrTmp-Alrm
TARGET_DU:ec0-s5-EL2819-BO14-OpnLoad-Alrm
TARGET_DU:ec0-s5-EL2819-BO14-OvrCurr-Alrm
TARGET_DU:ec0-s5-EL2819-BO14-ShrtCirc-Alrm
TARGET_DU:ec0-s5-EL2819-BO15-OvrTmp-Alrm
TARGET_DU:ec0-s5-EL2819-BO15-OpnLoad-Alrm
TARGET_DU:ec0-s5-EL2819-BO15-OvrCurr-Alrm
TARGET_DU:ec0-s5-EL2819-BO15-ShrtCirc-Alrm
TARGET_DU:ec0-s5-EL2819-BO16-OvrTmp-Alrm
TARGET_DU:ec0-s5-EL2819-BO16-OpnLoad-Alrm
TARGET_DU:ec0-s5-EL2819-BO16-OvrCurr-Alrm
TARGET_DU:ec0-s5-EL2819-BO16-ShrtCirc-Alrm
TARGET_DU:ec0-s6-EL9505-alstate-init
TARGET_DU:ec0-s6-EL9505-alstate-preop
TARGET_DU:ec0-s6-EL9505-alstate-safeop
TARGET_DU:ec0-s6-EL9505-alstate-op
TARGET_DU:ec0-s6-EL9505-data-valid
TARGET_DU:ec0-s6-EL9505-Err
TARGET_DU:ec0-s6-EL9505-Pwr-Ok
TARGET_DU:ec0-s6-EL9505-OverLoad
TARGET_DU:ec0-s7-EL1252-alstate-init
TARGET_DU:ec0-s7-EL1252-alstate-preop
TARGET_DU:ec0-s7-EL1252-alstate-safeop
TARGET_DU:ec0-s7-EL1252-alstate-op
TARGET_DU:ec0-s7-EL1252-data-valid
TARGET_DU:ec0-s7-EL1252-Err
TARGET_DU:ec0-s7-EL1252-BI1
TARGET_DU:ec0-s7-EL1252-BI2
TARGET_DU:ec0-s8-EL9410-alstate-init
TARGET_DU:ec0-s8-EL9410-alstate-preop
TARGET_DU:ec0-s8-EL9410-alstate-safeop
TARGET_DU:ec0-s8-EL9410-alstate-op
TARGET_DU:ec0-s8-EL9410-data-valid
TARGET_DU:ec0-s8-EL9410-Err
TARGET_DU:ec0-s8-EL9410-Us-UnderVolt
TARGET_DU:ec0-s8-EL9410-Up-UnderVolt
TARGET_DU:ec0-s9-EL1252-alstate-init
TARGET_DU:ec0-s9-EL1252-alstate-preop
TARGET_DU:ec0-s9-EL1252-alstate-safeop
TARGET_DU:ec0-s9-EL1252-alstate-op
TARGET_DU:ec0-s9-EL1252-data-valid
TARGET_DU:ec0-s9-EL1252-Err
TARGET_DU:ec0-s9-EL1252-BI1
TARGET_DU:ec0-s9-EL1252-BI2
TARGET_DU:ec0-s10-EL7201-alstate-init
TARGET_DU:ec0-s10-EL7201-alstate-preop
TARGET_DU:ec0-s10-EL7201-alstate-safeop
TARGET_DU:ec0-s10-EL7201-alstate-op
TARGET_DU:ec0-s10-EL7201-data-valid
TARGET_DU:ec0-s10-EL7201-Err
TARGET_DU:ec0-s11-EL7201-alstate-init
TARGET_DU:ec0-s11-EL7201-alstate-preop
TARGET_DU:ec0-s11-EL7201-alstate-safeop
TARGET_DU:ec0-s11-EL7201-alstate-op
TARGET_DU:ec0-s11-EL7201-data-valid
TARGET_DU:ec0-s11-EL7201-Err
TARGET_DU:ec0-s12-EL7201-alstate-init
TARGET_DU:ec0-s12-EL7201-alstate-preop
TARGET_DU:ec0-s12-EL7201-alstate-safeop
TARGET_DU:ec0-s12-EL7201-alstate-op
TARGET_DU:ec0-s12-EL7201-data-valid
TARGET_DU:ec0-s12-EL7201-Err
TARGET_DU:ec0-s13-EL3214-alstate-init
TARGET_DU:ec0-s13-EL3214-alstate-preop
TARGET_DU:ec0-s13-EL3214-alstate-safeop
TARGET_DU:ec0-s13-EL3214-alstate-op
TARGET_DU:ec0-s13-EL3214-data-valid
TARGET_DU:ec0-s13-EL3214-Err
TARGET_DU:ec0-s13-EL3214-AI1-UnderLim-Alrm
TARGET_DU:ec0-s13-EL3214-AI1-OverLim-Alrm
TARGET_DU:ec0-s13-EL3214-AI1-Err-Alrm
TARGET_DU:ec0-s13-EL3214-AI2-UnderLim-Alrm
TARGET_DU:ec0-s13-EL3214-AI2-OverLim-Alrm
TARGET_DU:ec0-s13-EL3214-AI2-Err-Alrm
TARGET_DU:ec0-s13-EL3214-AI3-UnderLim-Alrm
TARGET_DU:ec0-s13-EL3214-AI3-OverLim-Alrm
TARGET_DU:ec0-s13-EL3214-AI3-Err-Alrm
TARGET_DU:ec0-s13-EL3214-AI4-UnderLim-Alrm
TARGET_DU:ec0-s13-EL3214-AI4-OverLim-Alrm
TARGET_DU:ec0-s13-EL3214-AI4-Err-Alrm
TARGET_DU:ec0-s14-EL5021-alstate-init
TARGET_DU:ec0-s14-EL5021-alstate-preop
TARGET_DU:ec0-s14-EL5021-alstate-safeop
TARGET_DU:ec0-s14-EL5021-alstate-op
TARGET_DU:ec0-s14-EL5021-data-valid
TARGET_DU:ec0-s14-EL5021-Err
TARGET_DU:ec0-s15-EL6695-alstate-init
TARGET_DU:ec0-s15-EL6695-alstate-preop
TARGET_DU:ec0-s15-EL6695-alstate-safeop
TARGET_DU:ec0-s15-EL6695-alstate-op
TARGET_DU:ec0-s15-EL6695-data-valid
TARGET_DU:ec0-s15-EL6695-Err
TARGET_DU:ec0-s16-EL9410-alstate-init
TARGET_DU:ec0-s16-EL9410-alstate-preop
TARGET_DU:ec0-s16-EL9410-alstate-safeop
TARGET_DU:ec0-s16-EL9410-alstate-op
TARGET_DU:ec0-s16-EL9410-data-valid
TARGET_DU:ec0-s16-EL9410-Err
TARGET_DU:ec0-s16-EL9410-Us-UnderVolt
TARGET_DU:ec0-s16-EL9410-Up-UnderVolt
TARGET_DU:ec0-s17-EL2032-alstate-init
TARGET_DU:ec0-s17-EL2032-alstate-preop
TARGET_DU:ec0-s17-EL2032-alstate-safeop
TARGET_DU:ec0-s17-EL2032-alstate-op
TARGET_DU:ec0-s17-EL2032-data-valid
TARGET_DU:ec0-s17-EL2032-Err
TARGET_DU:ec0-s18-EK1110-alstate-init
TARGET_DU:ec0-s18-EK1110-alstate-preop
TARGET_DU:ec0-s18-EK1110-alstate-safeop
TARGET_DU:ec0-s18-EK1110-alstate-op
TARGET_DU:ec0-s18-EK1110-Err
TARGET_DU:ec0-s19-indraDrive-alstate-init
TARGET_DU:ec0-s19-indraDrive-alstate-preop
TARGET_DU:ec0-s19-indraDrive-alstate-safeop
TARGET_DU:ec0-s19-indraDrive-alstate-op
TARGET_DU:ec0-s19-indraDrive-data-valid
TARGET_DU:ec0-s19-indraDrive-Err
TARGET_DU:ec0-s20-IPOS8020-alstate-init
TARGET_DU:ec0-s20-IPOS8020-alstate-preop
TARGET_DU:ec0-s20-IPOS8020-alstate-safeop
TARGET_DU:ec0-s20-IPOS8020-alstate-op
TARGET_DU:ec0-s20-IPOS8020-data-valid
TARGET_DU:ec0-s20-IPOS8020-Err
TARGET_DU:ec0-s21-IPOS8020-alstate-init
TARGET_DU:ec0-s21-IPOS8020-alstate-preop
TARGET_DU:ec0-s21-IPOS8020-alstate-safeop
TARGET_DU:ec0-s21-IPOS8020-alstate-op
TARGET_DU:ec0-s21-IPOS8020-data-valid
TARGET_DU:ec0-s21-IPOS8020-Err
TARGET_DU:ec0-s22-IPOS8020-alstate-init
TARGET_DU:ec0-s22-IPOS8020-alstate-preop
TARGET_DU:ec0-s22-IPOS8020-alstate-safeop
TARGET_DU:ec0-s22-IPOS8020-alstate-op
TARGET_DU:ec0-s22-IPOS8020-data-valid
TARGET_DU:ec0-s22-IPOS8020-Err
REQMOD:mcag-tgt-drv-io-5143:exit
REQMOD:mcag-tgt-drv-io-5143:BaseVersion
REQMOD:mcag-tgt-drv-io-5143:require_VER
REQMOD:mcag-tgt-drv-io-5143:asyn_VER
REQMOD:mcag-tgt-drv-io-5143:beckhoffads_VER
REQMOD:mcag-tgt-drv-io-5143:ads_VER
TARGET_DU:ec0-s2-EL1809-HWType
TARGET_DU:ec0-s3-EL1809-HWType
TARGET_DU:ec0-s4-EL2819-HWType
TARGET_DU:ec0-s5-EL2819-HWType
TARGET_DU:ec0-s6-EL9505-HWType
TARGET_DU:ec0-s7-EL1252-HWType
TARGET_DU:ec0-s8-EL9410-HWType
TARGET_DU:ec0-s9-EL1252-HWType
TARGET_DU:ec0-s10-EL7201-HWType
TARGET_DU:ec0-s11-EL7201-HWType
TARGET_DU:ec0-s12-EL7201-HWType
TARGET_DU:ec0-s13-EL3214-HWType
TARGET_DU:ec0-s14-EL5021-HWType
TARGET_DU:ec0-s15-EL6695-HWType
TARGET_DU:ec0-s16-EL9410-HWType
TARGET_DU:ec0-s17-EL2032-HWType
TARGET_DU:ec0-s18-EK1110-HWType
TARGET_DU:ec0-s19-indraDrive-HWType
TARGET_DU:ec0-s20-IPOS8020-HWType
TARGET_DU:ec0-s21-IPOS8020-HWType
TARGET_DU:ec0-s22-IPOS8020-HWType
TARGET_DU:Rotation-PosAct
TARGET_DU:Rotation-VelAct
TARGET_DU:Rotation-TorqueAct
TARGET_DU:Rotation-TempAct
TARGET_DU:Rotation-PhaseErrorMMAct
TARGET_DU:Rotation-MissedTimingPulses
TARGET_DU:Rotation-PhaseOffetDegAct
TARGET_DU:Rotation-LatchedPosAct
TARGET_DU:Rotation-ClosestSectorIDAct
TARGET_DU:Rotation-ChoosenSectorAct
TARGET_DU:Rotation-VelStableCountAct
TARGET_DU:Rotation-VelRawCmd-RB
TARGET_DU:Rotation-VelLastSectorAct
TARGET_DU:Rotation-ErrId
TARGET_DU:Rotation-Temp_1HzAct
TARGET_DU:Rotation-Torque_1HzAct
TARGET_DU:Rotation-PhaseErrorMM_1HzAct
TARGET_DU:Rotation-Vel_1HzAct
TARGET_DU:Rotation-VelSetCmd_1HzAct
TARGET_DU:Rotation-Drv-Stat-OpModeNo
TARGET_DU:Rotation-Drv-Stat-ActPos
TARGET_DU:Rotation-Drv-Stat-ActVel
TARGET_DU:Rotation-Drv-Stat-ActTorque
TARGET_DU:Rotation-Drv-Stat-DiagCode
TARGET_DU:Rotation-Drv-Cmd-OpMode-RB
TARGET_DU:Rotation-Drv-Cmd-Pos-RB
TARGET_DU:Rotation-Drv-Cmd-Vel-RB
TARGET_DU:Rotation-Drv-Cmd-Acc-RB
TARGET_DU:Rotation-Drv-Cmd-Dec-RB
TARGET_DU:Rotation-Drv-Cmd-Override-RB
TARGET_DU:Rotation-Drv-Cmd-TorqueLim-RB
TARGET_DU:Rotation-Drv-Cmd-VelPos-RB
TARGET_DU:Rotation-Home-Pos-offset
TARGET_DU:X-TempAct
TARGET_DU:X-PosAct
TARGET_DU:X-VelAct
TARGET_DU:X-ErrId
TARGET_DU:Y-TempAct
TARGET_DU:Y-PosAct
TARGET_DU:Y-VelAct
TARGET_DU:Y-ErrId
TARGET_DU:Z-TempAct
TARGET_DU:Z-PosAct
TARGET_DU:Z-VelAct
TARGET_DU:Z-ErrId
TARGET_DU:ec0-s10-EL7201-PosAct
TARGET_DU:ec0-s11-EL7201-PosAct
TARGET_DU:ec0-s12-EL7201-PosAct
TARGET_DU:ec0-s13-EL3214-AI1
TARGET_DU:ec0-s13-EL3214-AI2
TARGET_DU:ec0-s13-EL3214-AI3
TARGET_DU:ec0-s13-EL3214-AI4
